Vivado Simulator v2021.1
Copyright 1986-1999, 2001-2021 Xilinx, Inc. All Rights Reserved.
Running: C:/Xilinx/Vivado/2021.1/bin/unwrapped/win64.o/xelab.exe -wto 2aefce18f04349a08a23f2ec91abf7f8 --incr --debug typical --relax --mt 2 -L xil_defaultlib -L uvm -L unisims_ver -L unimacro_ver -L secureip --snapshot testbench_behav xil_defaultlib.testbench xil_defaultlib.glbl -log elaborate.log 
Using 2 slave threads.
Starting static elaboration
Pass Through NonSizing Optimizer
Completed static elaboration
Starting simulation data flow analysis
Completed simulation data flow analysis
Time Resolution for simulation is 1ps
Compiling module xil_defaultlib.MAINdecoder
Compiling module xil_defaultlib.ALUdecoder
Compiling module xil_defaultlib.ControlUnit
Compiling module xil_defaultlib.flopr(WIDTH=32)
Compiling module xil_defaultlib.mux1(WIDTH=32)
Compiling module xil_defaultlib.regFile
Compiling module xil_defaultlib.extend
Compiling module xil_defaultlib.mux2(WIDTH=32)
Compiling module xil_defaultlib.alu
Compiling module xil_defaultlib.mux3(WIDTH=32)
Compiling module xil_defaultlib.datapath
Compiling module xil_defaultlib.riscvsingle
Compiling module xil_defaultlib.imem
Compiling module xil_defaultlib.dmem
Compiling module xil_defaultlib.top
Compiling module xil_defaultlib.testbench
Compiling module xil_defaultlib.glbl
Built simulation snapshot testbench_behav
