#
# A fatal error has been detected by the Java Runtime Environment:
#
#  EXCEPTION_ACCESS_VIOLATION (0xc0000005) at pc=0x00007ff9dec5c0b0, pid=7100, tid=8876
#
# JRE version: OpenJDK Runtime Environment (11.0.2+9) (build 11.0.2+9)
# Java VM: OpenJDK 64-Bit Server VM (11.0.2+9, mixed mode, tiered, compressed oops, g1 gc, windows-amd64)
# Problematic frame:
# C  0x00007ff9dec5c0b0
#
# No core dump will be written. Minidumps are not enabled by default on client versions of Windows
#
# If you would like to submit a bug report, please visit:
#   http://bugreport.java.com/bugreport/crash.jsp
# The crash happened outside the Java Virtual Machine in native code.
# See problematic frame for where to report the bug.
#

---------------  S U M M A R Y ------------

Command Line: -Dsun.java2d.pmoffscreen=false -Dhttps.protocols=TLSv1,TLSv1.1,TLSv1.2 -Dsun.java2d.xrender=false -Dsun.java2d.d3d=false -Dsun.awt.nopixfmt=true -Dsun.java2d.dpiaware=true -Dsun.java2d.uiScale.enabled=false -Xverify:none -Dswing.aatext=true -XX:-UsePerfData -Djdk.map.althashing.threshold=512 -XX:StringTableSize=4072 --add-opens=java.base/java.nio=ALL-UNNAMED --add-opens=java.desktop/sun.swing=ALL-UNNAMED --add-opens=java.desktop/javax.swing=ALL-UNNAMED --add-opens=java.desktop/javax.swing.tree=ALL-UNNAMED --add-opens=java.desktop/javax.swing.plaf.basic=ALL-UNNAMED --add-opens=java.desktop/javax.swing.plaf.synth=ALL-UNNAMED --add-opens=java.desktop/com.sun.awt=ALL-UNNAMED -XX:NewSize=60m -XX:MaxNewSize=60m -Xms256m -Xmx3072m -Xss5m 

Host: Intel(R) Core(TM) i5-4590 CPU @ 3.30GHz, 4 cores, 5G,  Windows 10 , 64 bit Build 19041 (10.0.19041.1202)
Time: Tue Nov  2 03:02:24 2021 Hora estándar de Argentina elapsed time: 1052 seconds (0d 0h 17m 32s)

---------------  T H R E A D  ---------------

Current thread (0x000001a990210800):  JavaThread "AWT-EventQueue-0" [_thread_in_native, id=8876, stack(0x0000006aa2d00000,0x0000006aa3200000)]

Stack: [0x0000006aa2d00000,0x0000006aa3200000],  sp=0x0000006aa31f3518,  free space=5069k
Native frames: (J=compiled Java code, j=interpreted, Vv=VM code, C=native code)
C  0x00007ff9dec5c0b0

Java frames: (J=compiled Java code, j=interpreted, Vv=VM code)
j  ui.views.waveform.waveformi.WVExecutive_getGraphicsDataSize(J)J+0
j  ui.views.waveform.executive.a.kUN()Ljava/io/ByteArrayInputStream;+10
j  ui.views.waveform.c.a.kUi()V+7
j  ui.views.waveform.c.a.kbE()V+1
j  ui.views.waveform.a.kSH()V+4
j  ui.views.waveform.a.JH(Z)V+11
j  ui.views.waveform.w.aN(ZZ)V+30
j  ui.views.waveform.d.b.j(Lui/frmwork/a/l;)V+94
j  ui.views.waveform.w.handleTclEvent(Lui/frmwork/a/l;)V+13
J 15012 c1 ui.frmwork.a.o.c(Lui/frmwork/a/l;)V (61 bytes) @ 0x000001a99b04548c [0x000001a99b044ae0+0x00000000000009ac]
J 14998 c1 ui.frmwork.E.i(JZ)V (471 bytes) @ 0x000001a99b362ebc [0x000001a99b35ed40+0x000000000000417c]
J 14999 c1 ui.frmwork.E.fireTclEvent(J)I (113 bytes) @ 0x000001a99b0a5514 [0x000001a99b0a4d40+0x00000000000007d4]
v  ~StubRoutines::call_stub
j  ui.views.waveform.waveformi.WVExecutive_processModelEvent(JJ)V+0
j  ui.views.waveform.executive.a.gC(J)V+5
j  ui.views.waveform.d.b.gB(J)V+8
j  ui.views.waveform.d.b.j(Lui/frmwork/a/l;)V+127
j  ui.views.waveform.w.handleTclEvent(Lui/frmwork/a/l;)V+13
J 15012 c1 ui.frmwork.a.o.c(Lui/frmwork/a/l;)V (61 bytes) @ 0x000001a99b04548c [0x000001a99b044ae0+0x00000000000009ac]
J 14998 c1 ui.frmwork.E.i(JZ)V (471 bytes) @ 0x000001a99b362ebc [0x000001a99b35ed40+0x000000000000417c]
J 14999 c1 ui.frmwork.E.fireTclEvent(J)I (113 bytes) @ 0x000001a99b0a5514 [0x000001a99b0a4d40+0x00000000000007d4]
v  ~StubRoutines::call_stub
j  ui.views.waveform.waveformi.WVExecutive_processModelEvent(JJ)V+0
j  ui.views.waveform.executive.a.gC(J)V+5
j  ui.views.waveform.d.b.gB(J)V+8
j  ui.views.waveform.d.e.actionPerformed(Ljava/awt/event/ActionEvent;)V+8
J 16960 c2 javax.swing.Timer.fireActionPerformed(Ljava/awt/event/ActionEvent;)V java.desktop@11.0.2 (46 bytes) @ 0x000001a9a2d841d4 [0x000001a9a2d840c0+0x0000000000000114]
J 21416 c2 javax.swing.Timer$DoPostEvent.run()V java.desktop@11.0.2 (82 bytes) @ 0x000001a9a2f5ff58 [0x000001a9a2f5fc60+0x00000000000002f8]
J 15201 c2 java.awt.EventQueue$4.run()Ljava/lang/Object; java.desktop@11.0.2 (5 bytes) @ 0x000001a9a2782be8 [0x000001a9a2782b00+0x00000000000000e8]
v  ~StubRoutines::call_stub
J 3882  java.security.AccessController.doPrivileged(Ljava/security/PrivilegedAction;Ljava/security/AccessControlContext;)Ljava/lang/Object; java.base@11.0.2 (0 bytes) @ 0x000001a9a2299336 [0x000001a9a22992c0+0x0000000000000076]
J 15186 c2 java.awt.EventQueue.dispatchEvent(Ljava/awt/AWTEvent;)V java.desktop@11.0.2 (80 bytes) @ 0x000001a9a27c5dd0 [0x000001a9a27c5840+0x0000000000000590]
J 15487 c2 ui.frmwork.a.d.dispatchEvent(Ljava/awt/AWTEvent;)V (42 bytes) @ 0x000001a9a2ab86d4 [0x000001a9a2ab85e0+0x00000000000000f4]
J 15593 c2 java.awt.EventDispatchThread.pumpOneEventForFilters(I)V java.desktop@11.0.2 (113 bytes) @ 0x000001a9a2b0a974 [0x000001a9a2b0a7c0+0x00000000000001b4]
j  java.awt.EventDispatchThread.pumpEventsForFilter(ILjava/awt/Conditional;Ljava/awt/EventFilter;)V+35 java.desktop@11.0.2
j  java.awt.EventDispatchThread.pumpEventsForFilter(Ljava/awt/Conditional;Ljava/awt/EventFilter;)V+4 java.desktop@11.0.2
j  java.awt.WaitDispatchSupport$2.run()V+59 java.desktop@11.0.2
j  java.awt.WaitDispatchSupport$4.run()Ljava/lang/Void;+4 java.desktop@11.0.2
j  java.awt.WaitDispatchSupport$4.run()Ljava/lang/Object;+1 java.desktop@11.0.2
v  ~StubRoutines::call_stub
J 1346  java.security.AccessController.doPrivileged(Ljava/security/PrivilegedAction;)Ljava/lang/Object; java.base@11.0.2 (0 bytes) @ 0x000001a9a215dda2 [0x000001a9a215dd40+0x0000000000000062]
j  java.awt.WaitDispatchSupport.enter()Z+260 java.desktop@11.0.2
j  java.awt.Dialog.show()V+224 java.desktop@11.0.2
J 6838 c1 java.awt.Component.setVisible(Z)V java.desktop@11.0.2 (6 bytes) @ 0x000001a99bb0cc64 [0x000001a99bb0ca60+0x0000000000000204]
j  java.awt.Window.setVisible(Z)V+2 java.desktop@11.0.2
j  java.awt.Dialog.setVisible(Z)V+2 java.desktop@11.0.2
j  ui.dlg.c.g.setVisible(Z)V+2
j  ui.dlg.c.bz.bIK()V+65
j  ui.dlg.c.bH.actionPerformed(Ljava/awt/event/ActionEvent;)V+8
j  ui.dlg.c.bz.fBW()V+388
j  ui.views.c.t.b.a.run()V+60
j  ui.frmwork.cmd.a.hFd()Z+77
j  ui.frmwork.cmd.d.hFl()V+42
j  ui.bm.actionPerformed(Ljava/awt/event/ActionEvent;)V+25
j  javax.swing.AbstractButton.fireActionPerformed(Ljava/awt/event/ActionEvent;)V+83 java.desktop@11.0.2
j  ui.utils.swing.b.E.fireActionPerformed(Ljava/awt/event/ActionEvent;)V+7
j  javax.swing.AbstractButton$Handler.actionPerformed(Ljava/awt/event/ActionEvent;)V+5 java.desktop@11.0.2
j  javax.swing.DefaultButtonModel.fireActionPerformed(Ljava/awt/event/ActionEvent;)V+34 java.desktop@11.0.2
j  javax.swing.DefaultButtonModel.setPressed(Z)V+117 java.desktop@11.0.2
j  javax.swing.plaf.basic.BasicButtonListener.mouseReleased(Ljava/awt/event/MouseEvent;)V+35 java.desktop@11.0.2
j  com.jidesoft.plaf.basic.BasicJideButtonListener.mouseReleased(Ljava/awt/event/MouseEvent;)V+61
J 22517 c1 java.awt.AWTEventMulticaster.mouseReleased(Ljava/awt/event/MouseEvent;)V java.desktop@11.0.2 (27 bytes) @ 0x000001a99c8248ac [0x000001a99c824680+0x000000000000022c]
J 22517 c1 java.awt.AWTEventMulticaster.mouseReleased(Ljava/awt/event/MouseEvent;)V java.desktop@11.0.2 (27 bytes) @ 0x000001a99c8248ac [0x000001a99c824680+0x000000000000022c]
J 22517 c1 java.awt.AWTEventMulticaster.mouseReleased(Ljava/awt/event/MouseEvent;)V java.desktop@11.0.2 (27 bytes) @ 0x000001a99c8248ac [0x000001a99c824680+0x000000000000022c]
J 22517 c1 java.awt.AWTEventMulticaster.mouseReleased(Ljava/awt/event/MouseEvent;)V java.desktop@11.0.2 (27 bytes) @ 0x000001a99c8248ac [0x000001a99c824680+0x000000000000022c]
J 15991 c1 java.awt.Component.processMouseEvent(Ljava/awt/event/MouseEvent;)V java.desktop@11.0.2 (100 bytes) @ 0x000001a99ccbfb3c [0x000001a99ccbf6c0+0x000000000000047c]
J 16144 c1 javax.swing.JComponent.processMouseEvent(Ljava/awt/event/MouseEvent;)V java.desktop@11.0.2 (27 bytes) @ 0x000001a99cd1c3f4 [0x000001a99cd1c1e0+0x0000000000000214]
J 20352 c2 java.awt.Container.processEvent(Ljava/awt/AWTEvent;)V java.desktop@11.0.2 (22 bytes) @ 0x000001a9a31c3568 [0x000001a9a31c33c0+0x00000000000001a8]
J 20386 c2 java.awt.Component.dispatchEventImpl(Ljava/awt/AWTEvent;)V java.desktop@11.0.2 (777 bytes) @ 0x000001a9a31d9984 [0x000001a9a31d8cc0+0x0000000000000cc4]
J 19827 c2 java.awt.Container.dispatchEventImpl(Ljava/awt/AWTEvent;)V java.desktop@11.0.2 (129 bytes) @ 0x000001a9a295f924 [0x000001a9a295f8c0+0x0000000000000064]
J 19313 c2 java.awt.LightweightDispatcher.retargetMouseEvent(Ljava/awt/Component;ILjava/awt/event/MouseEvent;)V java.desktop@11.0.2 (372 bytes) @ 0x000001a9a2bea6a0 [0x000001a9a2bea100+0x00000000000005a0]
J 19827 c2 java.awt.Container.dispatchEventImpl(Ljava/awt/AWTEvent;)V java.desktop@11.0.2 (129 bytes) @ 0x000001a9a2960630 [0x000001a9a295f8c0+0x0000000000000d70]
J 20624 c2 java.awt.Window.dispatchEventImpl(Ljava/awt/AWTEvent;)V java.desktop@11.0.2 (23 bytes) @ 0x000001a9a2a0a90c [0x000001a9a2a0a8c0+0x000000000000004c]
J 15201 c2 java.awt.EventQueue$4.run()Ljava/lang/Object; java.desktop@11.0.2 (5 bytes) @ 0x000001a9a2782ca8 [0x000001a9a2782b00+0x00000000000001a8]
v  ~StubRoutines::call_stub
J 3882  java.security.AccessController.doPrivileged(Ljava/security/PrivilegedAction;Ljava/security/AccessControlContext;)Ljava/lang/Object; java.base@11.0.2 (0 bytes) @ 0x000001a9a2299336 [0x000001a9a22992c0+0x0000000000000076]
J 20338 c2 java.awt.EventQueue$5.run()Ljava/lang/Object; java.desktop@11.0.2 (5 bytes) @ 0x000001a9a31b72f4 [0x000001a9a31b7080+0x0000000000000274]
v  ~StubRoutines::call_stub
J 3882  java.security.AccessController.doPrivileged(Ljava/security/PrivilegedAction;Ljava/security/AccessControlContext;)Ljava/lang/Object; java.base@11.0.2 (0 bytes) @ 0x000001a9a2299336 [0x000001a9a22992c0+0x0000000000000076]
J 15186 c2 java.awt.EventQueue.dispatchEvent(Ljava/awt/AWTEvent;)V java.desktop@11.0.2 (80 bytes) @ 0x000001a9a27c5bec [0x000001a9a27c5840+0x00000000000003ac]
J 15487 c2 ui.frmwork.a.d.dispatchEvent(Ljava/awt/AWTEvent;)V (42 bytes) @ 0x000001a9a2ab86d4 [0x000001a9a2ab85e0+0x00000000000000f4]
J 15593 c2 java.awt.EventDispatchThread.pumpOneEventForFilters(I)V java.desktop@11.0.2 (113 bytes) @ 0x000001a9a2b0a974 [0x000001a9a2b0a7c0+0x00000000000001b4]
j  java.awt.EventDispatchThread.pumpEventsForFilter(ILjava/awt/Conditional;Ljava/awt/EventFilter;)V+35 java.desktop@11.0.2
j  java.awt.EventDispatchThread.pumpEventsForHierarchy(ILjava/awt/Conditional;Ljava/awt/Component;)V+11 java.desktop@11.0.2
j  java.awt.EventDispatchThread.pumpEvents(ILjava/awt/Conditional;)V+4 java.desktop@11.0.2
j  java.awt.EventDispatchThread.pumpEvents(Ljava/awt/Conditional;)V+3 java.desktop@11.0.2
j  java.awt.EventDispatchThread.run()V+9 java.desktop@11.0.2
v  ~StubRoutines::call_stub

siginfo: EXCEPTION_ACCESS_VIOLATION (0xc0000005), data execution prevention violation at address 0x00007ff9dec5c0b0


Register to memory mapping:

RIP=0x00007ff9dec5c0b0 points into unknown readable memory: 01 00 00 00 00 00 00 00
RAX=0x00007ff9dec019a8 points into unknown readable memory: 30 bc 84 de f9 7f 00 00
RBX=0x000000000000000b is an unknown value
RCX=0x000001a9c7147800 points into unknown readable memory: a8 19 c0 de f9 7f 00 00
RDX=0x000001a98fed55b0 points into unknown readable memory: 50 a5 5b dd f9 7f 00 00
RSP=0x0000006aa31f3518 is pointing into the stack for thread: 0x000001a990210800
RBP=0x0000006aa31f3580 is pointing into the stack for thread: 0x000001a990210800
RSI=0x0000000000000002 is an unknown value
RDI=0x000001a9c7147800 points into unknown readable memory: a8 19 c0 de f9 7f 00 00
R8 =0x0000006aa31f3880 is pointing into the stack for thread: 0x000001a990210800
R9 =0x0000006aa31f38c0 is pointing into the stack for thread: 0x000001a990210800
R10=0x000000000000000b is an unknown value
R11=0x00000000000000e8 is an unknown value
R12=0x0000006aa31f3880 is pointing into the stack for thread: 0x000001a990210800
R13=0x0000006aa31f3880 is pointing into the stack for thread: 0x000001a990210800
R14=0x0000006aa31f38c0 is pointing into the stack for thread: 0x000001a990210800
R15=0x000001a98fed55b0 points into unknown readable memory: 50 a5 5b dd f9 7f 00 00


Registers:
RAX=0x00007ff9dec019a8, RBX=0x000000000000000b, RCX=0x000001a9c7147800, RDX=0x000001a98fed55b0
RSP=0x0000006aa31f3518, RBP=0x0000006aa31f3580, RSI=0x0000000000000002, RDI=0x000001a9c7147800
R8 =0x0000006aa31f3880, R9 =0x0000006aa31f38c0, R10=0x000000000000000b, R11=0x00000000000000e8
R12=0x0000006aa31f3880, R13=0x0000006aa31f3880, R14=0x0000006aa31f38c0, R15=0x000001a98fed55b0
RIP=0x00007ff9dec5c0b0, EFLAGS=0x0000000000010202

Top of Stack: (sp=0x0000006aa31f3518)
0x0000006aa31f3518:   00007ff9de9169b6 0000006aa31f3580
0x0000006aa31f3528:   000001a900000000 000001a9c6dfc080
0x0000006aa31f3538:   0000000000005652 0000000000005656
0x0000006aa31f3548:   0000006a00000005 fffffffffffffffe
0x0000006aa31f3558:   0000000000005650 0000dddd537a8b3a
0x0000006aa31f3568:   000001a9cca52870 000001a98fed55b0
0x0000006aa31f3578:   000001a9c634f190 000001a98fed55b0
0x0000006aa31f3588:   000001a9c634f190 0000006aa31f38c0
0x0000006aa31f3598:   0000006aa31f3880 0000000000000020
0x0000006aa31f35a8:   00007ff9de916890 000001a900200000
0x0000006aa31f35b8:   000000000000000b 0000000000000002
0x0000006aa31f35c8:   000001a9bc273b40 fffffffffffffffe
0x0000006aa31f35d8:   0000006a00000000 0000000000000000
0x0000006aa31f35e8:   f120000000000000 0000000000000000
0x0000006aa31f35f8:   000001a9c51b8f00 0000000000000000
0x0000006aa31f3608:   0000000000000000 000000000000000f 

Instructions: (pc=0x00007ff9dec5c0b0)
0x00007ff9dec5c090:   00 00 00 00 ff ff ff ff 00 00 00 00 40 00 00 00
0x00007ff9dec5c0a0:   60 c0 45 00 00 00 00 00 00 00 00 00 00 00 00 00
0x00007ff9dec5c0b0:   01 00 00 00 00 00 00 00 00 00 00 00 b0 e8 59 00
0x00007ff9dec5c0c0:   d8 c0 45 00 b0 c0 45 00 00 00 00 00 00 00 00 00 


Stack slot to memory mapping:
stack at sp + 0 slots: 0x00007ff9de9169b6 points into unknown readable memory: 83 f8
stack at sp + 1 slots: 0x0000006aa31f3580 is pointing into the stack for thread: 0x000001a990210800
stack at sp + 2 slots: 0x000001a900000000 is an unknown value
stack at sp + 3 slots: 0x000001a9c6dfc080 points into unknown readable memory: 38 36 c1 de f9 7f 00 00
stack at sp + 4 slots: 0x0000000000005652 is an unknown value
stack at sp + 5 slots: 0x0000000000005656 is an unknown value
stack at sp + 6 slots: 0x0000006a00000005 is an unknown value
stack at sp + 7 slots: 0xfffffffffffffffe is an unknown value


---------------  P R O C E S S  ---------------

Threads class SMR info:
_java_thread_list=0x000001a9c681ee70, length=43, elements={
0x000001a98e543000, 0x000001a9cad77800, 0x000001a9ab182800, 0x000001a9cae34800,
0x000001a9cae35000, 0x000001a9cae36800, 0x000001a9cb696000, 0x000001a9cb697800,
0x000001a9cb88a000, 0x000001a9cb88b000, 0x000001a9cbf98000, 0x000001a990c2a800,
0x000001a990e58800, 0x000001a991835000, 0x000001a990210800, 0x000001a99008d000,
0x000001a990471800, 0x000001a9cb8d0000, 0x000001a9902cd800, 0x000001a9b809d800,
0x000001a9b809b000, 0x000001a9b809a000, 0x000001a9b8098800, 0x000001a9b809c800,
0x000001a9b809e000, 0x000001a9b809f000, 0x000001a9b809f800, 0x000001a9b80a1800,
0x000001a9b80a2000, 0x000001a9b80a6000, 0x000001a9b80a4800, 0x000001a9b80a0800,
0x000001a9b80a3000, 0x000001a9b8099000, 0x000001a9b809b800, 0x000001a9bc1a1800,
0x000001a9bc1a2000, 0x000001a9bc1a7000, 0x000001a9bc1a6000, 0x000001a9bc1a4800,
0x000001a9bc1a5800, 0x000001a9bc1a3000, 0x000001a9bc1a3800
}

Java Threads: ( => current thread )
  0x000001a98e543000 JavaThread "main" [_thread_blocked, id=14872, stack(0x0000006a9e300000,0x0000006a9e400000)]
  0x000001a9cad77800 JavaThread "Reference Handler" daemon [_thread_blocked, id=13292, stack(0x0000006a9ea00000,0x0000006a9ef00000)]
  0x000001a9ab182800 JavaThread "Finalizer" daemon [_thread_blocked, id=10324, stack(0x0000006a9ef00000,0x0000006a9f400000)]
  0x000001a9cae34800 JavaThread "Signal Dispatcher" daemon [_thread_blocked, id=10484, stack(0x0000006a9f400000,0x0000006a9f900000)]
  0x000001a9cae35000 JavaThread "Attach Listener" daemon [_thread_blocked, id=14108, stack(0x0000006a9f900000,0x0000006a9fe00000)]
  0x000001a9cae36800 JavaThread "C2 CompilerThread0" daemon [_thread_blocked, id=14608, stack(0x0000006a9fe00000,0x0000006a9ff00000)]
  0x000001a9cb696000 JavaThread "C1 CompilerThread0" daemon [_thread_blocked, id=14276, stack(0x0000006a9ff00000,0x0000006aa0000000)]
  0x000001a9cb697800 JavaThread "Sweeper thread" daemon [_thread_blocked, id=4696, stack(0x0000006aa0000000,0x0000006aa0500000)]
  0x000001a9cb88a000 JavaThread "Common-Cleaner" daemon [_thread_blocked, id=14280, stack(0x0000006aa0500000,0x0000006aa0a00000)]
  0x000001a9cb88b000 JavaThread "Service Thread" daemon [_thread_blocked, id=11516, stack(0x0000006aa0a00000,0x0000006aa0f00000)]
  0x000001a9cbf98000 JavaThread "Java2D Disposer" daemon [_thread_blocked, id=11700, stack(0x0000006aa1000000,0x0000006aa1500000)]
  0x000001a990c2a800 JavaThread "AWT-Shutdown" [_thread_blocked, id=8164, stack(0x0000006aa1500000,0x0000006aa1a00000)]
  0x000001a990e58800 JavaThread "AWT-Windows" daemon [_thread_in_native, id=12096, stack(0x0000006aa1a00000,0x0000006aa1f00000)]
  0x000001a991835000 JavaThread "TimerQueue" daemon [_thread_blocked, id=11400, stack(0x0000006aa2300000,0x0000006aa2800000)]
=>0x000001a990210800 JavaThread "AWT-EventQueue-0" [_thread_in_native, id=8876, stack(0x0000006aa2d00000,0x0000006aa3200000)]
  0x000001a99008d000 JavaThread "Thread-1" [_thread_in_native, id=12220, stack(0x0000006a9cc00000,0x0000006a9e000000)]
  0x000001a990471800 JavaThread "Process Messages Thread" [_thread_blocked, id=3904, stack(0x0000006aa3700000,0x0000006aa3c00000)]
  0x000001a9cb8d0000 JavaThread "Batik CleanerThread" daemon [_thread_blocked, id=10600, stack(0x0000006aa3c00000,0x0000006aa4100000)]
  0x000001a9902cd800 JavaThread "SyntheticaCleanerThread" daemon [_thread_blocked, id=5800, stack(0x0000006aa3200000,0x0000006aa3700000)]
  0x000001a9b809d800 JavaThread "Monitor HEventQueue Thread" [_thread_blocked, id=2516, stack(0x0000006aa5300000,0x0000006aa5800000)]
  0x000001a9b809b000 JavaThread "SyntheticaAnimation 50" daemon [_thread_blocked, id=6148, stack(0x0000006aa5800000,0x0000006aa5d00000)]
  0x000001a9b809a000 JavaThread "SyntheticaAnimation 25" daemon [_thread_blocked, id=14020, stack(0x0000006aa5d00000,0x0000006aa6200000)]
  0x000001a9b8098800 JavaThread "Swing-Shell" daemon [_thread_blocked, id=12332, stack(0x0000006aa6300000,0x0000006aa6800000)]
  0x000001a9b809c800 JavaThread "SyntheticaAnimation 70" daemon [_thread_blocked, id=5376, stack(0x0000006aa4b00000,0x0000006aa5000000)]
  0x000001a9b809e000 JavaThread "Refresh Filesets Swing Worker Thread" [_thread_blocked, id=8856, stack(0x0000006aa6800000,0x0000006aa6d00000)]
  0x000001a9b809f000 JavaThread "Thread-17" [_thread_blocked, id=6712, stack(0x0000006aa7200000,0x0000006aa7700000)]
  0x000001a9b809f800 JavaThread "OutputGobbler" daemon [_thread_in_native, id=9692, stack(0x0000006aa7700000,0x0000006aa7c00000)]
  0x000001a9b80a1800 JavaThread "ErrorGobbler" daemon [_thread_in_native, id=4332, stack(0x0000006aa7c00000,0x0000006aa8100000)]
  0x000001a9b80a2000 JavaThread "hw_ila_monitor" [_thread_blocked, id=11344, stack(0x0000006aa8b00000,0x0000006aa9000000)]
  0x000001a9b80a6000 JavaThread "pool-2-thread-1" [_thread_blocked, id=4648, stack(0x0000006aa9000000,0x0000006aa9500000)]
  0x000001a9b80a4800 JavaThread "pool-3-thread-1" [_thread_blocked, id=4180, stack(0x0000006aa9500000,0x0000006aa9a00000)]
  0x000001a9b80a0800 JavaThread "pool-4-thread-1" [_thread_blocked, id=12420, stack(0x0000006aa9a00000,0x0000006aa9f00000)]
  0x000001a9b80a3000 JavaThread "Update Runs Swing Worker Thread" [_thread_blocked, id=6632, stack(0x0000006aa9f00000,0x0000006aaa400000)]
  0x000001a9b8099000 JavaThread "Watchdog Thread for com.sigasi.lsp.server.BootstrappedLspServer" daemon [_thread_blocked, id=2700, stack(0x0000006aaa400000,0x0000006aaa900000)]
  0x000001a9b809b800 JavaThread "Life support thread" daemon [_thread_blocked, id=12544, stack(0x0000006aa8600000,0x0000006aa8b00000)]
  0x000001a9bc1a1800 JavaThread "Protocol translation thread 0" [_thread_in_native, id=12452, stack(0x0000006aaa900000,0x0000006aaae00000)]
  0x000001a9bc1a2000 JavaThread "pool-6-thread-1" [_thread_blocked, id=11460, stack(0x0000006aaae00000,0x0000006aab300000)]
  0x000001a9bc1a7000 JavaThread "EMF Reference Cleaner" daemon [_thread_blocked, id=6444, stack(0x0000006aab300000,0x0000006aab800000)]
  0x000001a9bc1a6000 JavaThread "ForkJoinPool.commonPool-worker-5" daemon [_thread_blocked, id=14632, stack(0x0000006aab800000,0x0000006aabd00000)]
  0x000001a9bc1a4800 JavaThread "SyntheticaAnimation 50" daemon [_thread_blocked, id=13280, stack(0x0000006aa6d00000,0x0000006aa7200000)]
  0x000001a9bc1a5800 JavaThread "Thread-1028" [_thread_in_native, id=12916, stack(0x0000006a9c900000,0x0000006a9ca00000)]
  0x000001a9bc1a3000 JavaThread "Thread-1029" [_thread_in_native, id=9108, stack(0x0000006a9c800000,0x0000006a9c900000)]
  0x000001a9bc1a3800 JavaThread "Relaunch Simulation Thread" [_thread_blocked, id=7568, stack(0x0000006aa4100000,0x0000006aa4600000)]

Other Threads:
  0x000001a9abec8800 VMThread "VM Thread" [stack: 0x0000006a9e900000,0x0000006a9ea00000] [id=4968]
  0x000001a9cb890000 WatcherThread [stack: 0x0000006aa0f00000,0x0000006aa1000000] [id=4464]
  0x000001a9cafd8000 GCTaskThread "GC Thread#0" [stack: 0x0000006a9e400000,0x0000006a9e500000] [id=3244]
  0x000001a9cb898800 GCTaskThread "GC Thread#1" [stack: 0x0000006a9e200000,0x0000006a9e300000] [id=5220]
  0x000001a9910d0000 GCTaskThread "GC Thread#2" [stack: 0x0000006aa2000000,0x0000006aa2100000] [id=14572]
  0x000001a98fa6f800 GCTaskThread "GC Thread#3" [stack: 0x0000006aa2100000,0x0000006aa2200000] [id=12184]
  0x000001a9cab51800 ConcurrentGCThread "G1 Main Marker" [stack: 0x0000006a9e500000,0x0000006a9e600000] [id=13712]
  0x000001a9ca727800 ConcurrentGCThread "G1 Conc#0" [stack: 0x0000006a9e600000,0x0000006a9e700000] [id=6204]
  0x000001a98e4b7800 ConcurrentGCThread "G1 Refine#0" [stack: 0x0000006a9e700000,0x0000006a9e800000] [id=14432]
  0x000001a9916ad000 ConcurrentGCThread "G1 Refine#1" [stack: 0x0000006aa2200000,0x0000006aa2300000] [id=5688]
  0x000001a9bc6c7800 ConcurrentGCThread "G1 Refine#2" [stack: 0x0000006aa6200000,0x0000006aa6300000] [id=4776]
  0x000001a9ca4fc800 ConcurrentGCThread "G1 Young RemSet Sampling" [stack: 0x0000006a9e800000,0x0000006a9e900000] [id=8556]

Threads with active compile tasks:

VM state:not at safepoint (normal execution)

VM Mutex/Monitor currently owned by a thread: None

Heap address: 0x0000000740000000, size: 3072 MB, Compressed Oops mode: Zero based, Oop shift amount: 3
Narrow klass base: 0x0000000800000000, Narrow klass shift: 0
Compressed class space size: 1073741824 Address: 0x0000000800000000

Heap:
 garbage-first heap   total 262144K, used 102923K [0x0000000740000000, 0x0000000800000000)
  region size 1024K, 4 young (4096K), 2 survivors (2048K)
 Metaspace       used 107441K, capacity 110241K, committed 110336K, reserved 1144832K
  class space    used 14570K, capacity 15834K, committed 15872K, reserved 1048576K
Heap Regions: E=young(eden), S=young(survivor), O=old, HS=humongous(starts), HC=humongous(continues), CS=collection set, F=free, A=archive, TAMS=top-at-mark-start (previous, next)
|   0|0x0000000740000000, 0x0000000740100000, 0x0000000740100000|100%|HS|  |TAMS 0x0000000740000000, 0x0000000740000000| Untracked 
|   1|0x0000000740100000, 0x0000000740200000, 0x0000000740200000|100%|HC|  |TAMS 0x0000000740100000, 0x0000000740100000| Untracked 
|   2|0x0000000740200000, 0x0000000740300000, 0x0000000740300000|100%|HS|  |TAMS 0x0000000740200000, 0x0000000740200000| Untracked 
|   3|0x0000000740300000, 0x00000007403fcf98, 0x0000000740400000| 98%| O|  |TAMS 0x0000000740300000, 0x0000000740300000| Untracked 
|   4|0x0000000740400000, 0x00000007404ffff8, 0x0000000740500000| 99%| O|  |TAMS 0x0000000740400000, 0x0000000740400000| Untracked 
|   5|0x0000000740500000, 0x00000007405fffd8, 0x0000000740600000| 99%| O|  |TAMS 0x0000000740500000, 0x0000000740500000| Untracked 
|   6|0x0000000740600000, 0x00000007406ffff8, 0x0000000740700000| 99%| O|  |TAMS 0x0000000740600000, 0x0000000740600000| Untracked 
|   7|0x0000000740700000, 0x00000007407ffff8, 0x0000000740800000| 99%| O|  |TAMS 0x0000000740700000, 0x0000000740700000| Untracked 
|   8|0x0000000740800000, 0x00000007408ffff8, 0x0000000740900000| 99%| O|  |TAMS 0x0000000740800000, 0x0000000740800000| Untracked 
|   9|0x0000000740900000, 0x0000000740a00000, 0x0000000740a00000|100%| O|  |TAMS 0x0000000740900000, 0x0000000740900000| Untracked 
|  10|0x0000000740a00000, 0x0000000740affff8, 0x0000000740b00000| 99%| O|  |TAMS 0x0000000740a00000, 0x0000000740a00000| Untracked 
|  11|0x0000000740b00000, 0x0000000740bffff8, 0x0000000740c00000| 99%| O|  |TAMS 0x0000000740b00000, 0x0000000740b00000| Untracked 
|  12|0x0000000740c00000, 0x0000000740cffa20, 0x0000000740d00000| 99%| O|  |TAMS 0x0000000740c00000, 0x0000000740c00000| Untracked 
|  13|0x0000000740d00000, 0x0000000740ddfe58, 0x0000000740e00000| 87%| O|  |TAMS 0x0000000740d00000, 0x0000000740d00000| Untracked 
|  14|0x0000000740e00000, 0x0000000740effff8, 0x0000000740f00000| 99%| O|  |TAMS 0x0000000740e00000, 0x0000000740e00000| Untracked 
|  15|0x0000000740f00000, 0x0000000740fffff0, 0x0000000741000000| 99%| O|  |TAMS 0x0000000740f00000, 0x0000000740f00000| Untracked 
|  16|0x0000000741000000, 0x00000007410ffff8, 0x0000000741100000| 99%| O|  |TAMS 0x0000000741000000, 0x0000000741000000| Untracked 
|  17|0x0000000741100000, 0x00000007411fffe8, 0x0000000741200000| 99%| O|  |TAMS 0x0000000741100000, 0x0000000741100000| Untracked 
|  18|0x0000000741200000, 0x00000007412fffc8, 0x0000000741300000| 99%| O|  |TAMS 0x0000000741200000, 0x0000000741200000| Untracked 
|  19|0x0000000741300000, 0x0000000741400000, 0x0000000741400000|100%| O|  |TAMS 0x0000000741300000, 0x0000000741300000| Untracked 
|  20|0x0000000741400000, 0x0000000741500000, 0x0000000741500000|100%| O|  |TAMS 0x0000000741400000, 0x0000000741400000| Untracked 
|  21|0x0000000741500000, 0x00000007415ffff0, 0x0000000741600000| 99%| O|  |TAMS 0x0000000741500000, 0x0000000741500000| Untracked 
|  22|0x0000000741600000, 0x00000007416ffff8, 0x0000000741700000| 99%| O|  |TAMS 0x0000000741600000, 0x0000000741600000| Untracked 
|  23|0x0000000741700000, 0x00000007417ffff8, 0x0000000741800000| 99%| O|  |TAMS 0x0000000741700000, 0x0000000741700000| Untracked 
|  24|0x0000000741800000, 0x0000000741900000, 0x0000000741900000|100%| O|  |TAMS 0x0000000741800000, 0x0000000741800000| Untracked 
|  25|0x0000000741900000, 0x00000007419fffe8, 0x0000000741a00000| 99%| O|  |TAMS 0x0000000741900000, 0x0000000741900000| Untracked 
|  26|0x0000000741a00000, 0x0000000741afffe8, 0x0000000741b00000| 99%| O|  |TAMS 0x0000000741a00000, 0x0000000741a00000| Untracked 
|  27|0x0000000741b00000, 0x0000000741bfffd0, 0x0000000741c00000| 99%| O|  |TAMS 0x0000000741b00000, 0x0000000741b00000| Untracked 
|  28|0x0000000741c00000, 0x0000000741cfffd8, 0x0000000741d00000| 99%| O|  |TAMS 0x0000000741c00000, 0x0000000741c00000| Untracked 
|  29|0x0000000741d00000, 0x0000000741e00000, 0x0000000741e00000|100%| O|  |TAMS 0x0000000741d00000, 0x0000000741d00000| Untracked 
|  30|0x0000000741e00000, 0x0000000741f00000, 0x0000000741f00000|100%| O|  |TAMS 0x0000000741e00000, 0x0000000741e00000| Untracked 
|  31|0x0000000741f00000, 0x0000000741fffff0, 0x0000000742000000| 99%| O|  |TAMS 0x0000000741f00000, 0x0000000741f00000| Untracked 
|  32|0x0000000742000000, 0x00000007420ffcf0, 0x0000000742100000| 99%| O|  |TAMS 0x0000000742000000, 0x0000000742000000| Untracked 
|  33|0x0000000742100000, 0x00000007421ffff8, 0x0000000742200000| 99%| O|  |TAMS 0x0000000742100000, 0x0000000742100000| Untracked 
|  34|0x0000000742200000, 0x00000007422ffff8, 0x0000000742300000| 99%| O|  |TAMS 0x0000000742200000, 0x0000000742200000| Untracked 
|  35|0x0000000742300000, 0x00000007423fffe8, 0x0000000742400000| 99%| O|  |TAMS 0x0000000742300000, 0x0000000742300000| Untracked 
|  36|0x0000000742400000, 0x00000007424fef98, 0x0000000742500000| 99%| O|  |TAMS 0x0000000742400000, 0x0000000742400000| Untracked 
|  37|0x0000000742500000, 0x00000007425fffc8, 0x0000000742600000| 99%| O|  |TAMS 0x0000000742500000, 0x0000000742500000| Untracked 
|  38|0x0000000742600000, 0x00000007426ffff0, 0x0000000742700000| 99%| O|  |TAMS 0x0000000742600000, 0x0000000742600000| Untracked 
|  39|0x0000000742700000, 0x00000007427fffe8, 0x0000000742800000| 99%| O|  |TAMS 0x0000000742700000, 0x0000000742700000| Untracked 
|  40|0x0000000742800000, 0x0000000742900000, 0x0000000742900000|100%| O|  |TAMS 0x0000000742800000, 0x0000000742800000| Untracked 
|  41|0x0000000742900000, 0x00000007429ffff0, 0x0000000742a00000| 99%| O|  |TAMS 0x0000000742900000, 0x0000000742900000| Untracked 
|  42|0x0000000742a00000, 0x0000000742b00000, 0x0000000742b00000|100%| O|  |TAMS 0x0000000742a00000, 0x0000000742a00000| Untracked 
|  43|0x0000000742b00000, 0x0000000742bfff20, 0x0000000742c00000| 99%| O|  |TAMS 0x0000000742b00000, 0x0000000742b00000| Untracked 
|  44|0x0000000742c00000, 0x0000000742cfffe8, 0x0000000742d00000| 99%| O|  |TAMS 0x0000000742c00000, 0x0000000742c00000| Untracked 
|  45|0x0000000742d00000, 0x0000000742e00000, 0x0000000742e00000|100%| O|  |TAMS 0x0000000742d00000, 0x0000000742d00000| Untracked 
|  46|0x0000000742e00000, 0x0000000742f00000, 0x0000000742f00000|100%| O|  |TAMS 0x0000000742e00000, 0x0000000742e00000| Untracked 
|  47|0x0000000742f00000, 0x0000000742fffe10, 0x0000000743000000| 99%| O|  |TAMS 0x0000000742f00000, 0x0000000742f00000| Untracked 
|  48|0x0000000743000000, 0x00000007430fffb0, 0x0000000743100000| 99%| O|  |TAMS 0x0000000743000000, 0x0000000743000000| Untracked 
|  49|0x0000000743100000, 0x00000007431ffff0, 0x0000000743200000| 99%| O|  |TAMS 0x0000000743100000, 0x0000000743100000| Untracked 
|  50|0x0000000743200000, 0x00000007432ffff8, 0x0000000743300000| 99%| O|  |TAMS 0x0000000743200000, 0x0000000743200000| Untracked 
|  51|0x0000000743300000, 0x00000007433ffb00, 0x0000000743400000| 99%| O|  |TAMS 0x0000000743300000, 0x0000000743300000| Untracked 
|  52|0x0000000743400000, 0x00000007434ff0c0, 0x0000000743500000| 99%| O|  |TAMS 0x0000000743400000, 0x0000000743400000| Untracked 
|  53|0x0000000743500000, 0x00000007435ffff8, 0x0000000743600000| 99%| O|  |TAMS 0x0000000743500000, 0x0000000743500000| Untracked 
|  54|0x0000000743600000, 0x00000007436fffd8, 0x0000000743700000| 99%| O|  |TAMS 0x0000000743600000, 0x0000000743600000| Untracked 
|  55|0x0000000743700000, 0x0000000743800000, 0x0000000743800000|100%| O|  |TAMS 0x0000000743700000, 0x0000000743700000| Untracked 
|  56|0x0000000743800000, 0x00000007438ffff8, 0x0000000743900000| 99%| O|  |TAMS 0x0000000743800000, 0x0000000743800000| Untracked 
|  57|0x0000000743900000, 0x0000000743a00000, 0x0000000743a00000|100%| O|  |TAMS 0x0000000743900000, 0x0000000743900000| Untracked 
|  58|0x0000000743a00000, 0x0000000743afffe8, 0x0000000743b00000| 99%| O|  |TAMS 0x0000000743a00000, 0x0000000743a00000| Untracked 
|  59|0x0000000743b00000, 0x0000000743bf94c8, 0x0000000743c00000| 97%| O|  |TAMS 0x0000000743b00000, 0x0000000743b00000| Untracked 
|  60|0x0000000743c00000, 0x0000000743cfffd8, 0x0000000743d00000| 99%| O|  |TAMS 0x0000000743c00000, 0x0000000743c00000| Untracked 
|  61|0x0000000743d00000, 0x0000000743dfffe0, 0x0000000743e00000| 99%| O|  |TAMS 0x0000000743d00000, 0x0000000743d00000| Untracked 
|  62|0x0000000743e00000, 0x0000000743effff0, 0x0000000743f00000| 99%| O|  |TAMS 0x0000000743e00000, 0x0000000743e00000| Untracked 
|  63|0x0000000743f00000, 0x0000000744000000, 0x0000000744000000|100%| O|  |TAMS 0x0000000743f00000, 0x0000000743f00000| Untracked 
|  64|0x0000000744000000, 0x00000007440ffff8, 0x0000000744100000| 99%| O|  |TAMS 0x0000000744000000, 0x0000000744000000| Untracked 
|  65|0x0000000744100000, 0x00000007441ffff8, 0x0000000744200000| 99%| O|  |TAMS 0x0000000744100000, 0x0000000744100000| Untracked 
|  66|0x0000000744200000, 0x0000000744300000, 0x0000000744300000|100%| O|  |TAMS 0x0000000744200000, 0x0000000744200000| Untracked 
|  67|0x0000000744300000, 0x00000007443ffff8, 0x0000000744400000| 99%| O|  |TAMS 0x0000000744300000, 0x0000000744300000| Untracked 
|  68|0x0000000744400000, 0x00000007444fffe0, 0x0000000744500000| 99%| O|  |TAMS 0x0000000744400000, 0x0000000744400000| Untracked 
|  69|0x0000000744500000, 0x00000007445fffe8, 0x0000000744600000| 99%| O|  |TAMS 0x0000000744500000, 0x0000000744500000| Untracked 
|  70|0x0000000744600000, 0x00000007446fff18, 0x0000000744700000| 99%| O|  |TAMS 0x0000000744600000, 0x0000000744600000| Untracked 
|  71|0x0000000744700000, 0x00000007447ffff0, 0x0000000744800000| 99%| O|  |TAMS 0x0000000744700000, 0x0000000744700000| Untracked 
|  72|0x0000000744800000, 0x00000007448ff588, 0x0000000744900000| 99%| O|  |TAMS 0x0000000744800000, 0x0000000744800000| Untracked 
|  73|0x0000000744900000, 0x00000007449fff08, 0x0000000744a00000| 99%| O|  |TAMS 0x0000000744900000, 0x0000000744900000| Untracked 
|  74|0x0000000744a00000, 0x0000000744affff8, 0x0000000744b00000| 99%| O|  |TAMS 0x0000000744a00000, 0x0000000744a00000| Untracked 
|  75|0x0000000744b00000, 0x0000000744bffff8, 0x0000000744c00000| 99%| O|  |TAMS 0x0000000744b00000, 0x0000000744b00000| Untracked 
|  76|0x0000000744c00000, 0x0000000744cffff8, 0x0000000744d00000| 99%| O|  |TAMS 0x0000000744c00000, 0x0000000744c00000| Untracked 
|  77|0x0000000744d00000, 0x0000000744e00000, 0x0000000744e00000|100%| O|  |TAMS 0x0000000744d00000, 0x0000000744d00000| Untracked 
|  78|0x0000000744e00000, 0x0000000744effff0, 0x0000000744f00000| 99%| O|  |TAMS 0x0000000744e00000, 0x0000000744e00000| Untracked 
|  79|0x0000000744f00000, 0x0000000744fff000, 0x0000000745000000| 99%| O|  |TAMS 0x0000000744f00000, 0x0000000744f00000| Untracked 
|  80|0x0000000745000000, 0x00000007450ffff0, 0x0000000745100000| 99%| O|  |TAMS 0x0000000745000000, 0x0000000745000000| Untracked 
|  81|0x0000000745100000, 0x00000007451fffa0, 0x0000000745200000| 99%| O|  |TAMS 0x0000000745100000, 0x0000000745100000| Untracked 
|  82|0x0000000745200000, 0x00000007452fffc8, 0x0000000745300000| 99%| O|  |TAMS 0x0000000745200000, 0x0000000745200000| Untracked 
|  83|0x0000000745300000, 0x00000007453ffec8, 0x0000000745400000| 99%| O|  |TAMS 0x0000000745300000, 0x0000000745300000| Untracked 
|  84|0x0000000745400000, 0x00000007454fff20, 0x0000000745500000| 99%| O|  |TAMS 0x0000000745400000, 0x0000000745400000| Untracked 
|  85|0x0000000745500000, 0x00000007455fffe0, 0x0000000745600000| 99%| O|  |TAMS 0x0000000745500000, 0x0000000745500000| Untracked 
|  86|0x0000000745600000, 0x00000007456eaff0, 0x0000000745700000| 91%| O|  |TAMS 0x0000000745600000, 0x0000000745600000| Untracked 
|  87|0x0000000745700000, 0x00000007457b6d28, 0x0000000745800000| 71%| O|  |TAMS 0x0000000745700000, 0x0000000745700000| Untracked 
|  88|0x0000000745800000, 0x0000000745900000, 0x0000000745900000|100%|HS|  |TAMS 0x0000000745800000, 0x0000000745800000| Untracked 
|  89|0x0000000745900000, 0x0000000745a00000, 0x0000000745a00000|100%|HC|  |TAMS 0x0000000745900000, 0x0000000745900000| Untracked 
|  90|0x0000000745a00000, 0x0000000745a8a778, 0x0000000745b00000| 54%| O|  |TAMS 0x0000000745a00000, 0x0000000745a00000| Untracked 
|  91|0x0000000745b00000, 0x0000000745b6c990, 0x0000000745c00000| 42%| O|  |TAMS 0x0000000745b00000, 0x0000000745b00000| Untracked 
|  92|0x0000000745c00000, 0x0000000745c00000, 0x0000000745d00000|  0%| F|  |TAMS 0x0000000745c00000, 0x0000000745c00000| Untracked 
|  93|0x0000000745d00000, 0x0000000745d00000, 0x0000000745e00000|  0%| F|  |TAMS 0x0000000745d00000, 0x0000000745d00000| Untracked 
|  94|0x0000000745e00000, 0x0000000745e00000, 0x0000000745f00000|  0%| F|  |TAMS 0x0000000745e00000, 0x0000000745e00000| Untracked 
|  95|0x0000000745f00000, 0x0000000745f00000, 0x0000000746000000|  0%| F|  |TAMS 0x0000000745f00000, 0x0000000745f00000| Untracked 
|  96|0x0000000746000000, 0x0000000746000000, 0x0000000746100000|  0%| F|  |TAMS 0x0000000746000000, 0x0000000746000000| Untracked 
|  97|0x0000000746100000, 0x0000000746100000, 0x0000000746200000|  0%| F|  |TAMS 0x0000000746100000, 0x0000000746100000| Untracked 
|  98|0x0000000746200000, 0x0000000746200000, 0x0000000746300000|  0%| F|  |TAMS 0x0000000746200000, 0x0000000746200000| Untracked 
|  99|0x0000000746300000, 0x0000000746300000, 0x0000000746400000|  0%| F|  |TAMS 0x0000000746300000, 0x0000000746300000| Untracked 
| 100|0x0000000746400000, 0x0000000746400000, 0x0000000746500000|  0%| F|  |TAMS 0x0000000746400000, 0x0000000746400000| Untracked 
| 101|0x0000000746500000, 0x0000000746500000, 0x0000000746600000|  0%| F|  |TAMS 0x0000000746500000, 0x0000000746500000| Untracked 
| 102|0x0000000746600000, 0x0000000746600000, 0x0000000746700000|  0%| F|  |TAMS 0x0000000746600000, 0x0000000746600000| Untracked 
| 103|0x0000000746700000, 0x0000000746700000, 0x0000000746800000|  0%| F|  |TAMS 0x0000000746700000, 0x0000000746700000| Untracked 
| 104|0x0000000746800000, 0x0000000746800000, 0x0000000746900000|  0%| F|  |TAMS 0x0000000746800000, 0x0000000746800000| Untracked 
| 105|0x0000000746900000, 0x0000000746900000, 0x0000000746a00000|  0%| F|  |TAMS 0x0000000746900000, 0x0000000746900000| Untracked 
| 106|0x0000000746a00000, 0x0000000746b00000, 0x0000000746b00000|100%|HS|  |TAMS 0x0000000746a00000, 0x0000000746a00000| Untracked 
| 107|0x0000000746b00000, 0x0000000746c00000, 0x0000000746c00000|100%|HC|  |TAMS 0x0000000746b00000, 0x0000000746b00000| Untracked 
| 108|0x0000000746c00000, 0x0000000746d00000, 0x0000000746d00000|100%|HC|  |TAMS 0x0000000746c00000, 0x0000000746c00000| Untracked 
| 109|0x0000000746d00000, 0x0000000746e00000, 0x0000000746e00000|100%|HC|  |TAMS 0x0000000746d00000, 0x0000000746d00000| Untracked 
| 110|0x0000000746e00000, 0x0000000746f00000, 0x0000000746f00000|100%|HC|  |TAMS 0x0000000746e00000, 0x0000000746e00000| Untracked 
| 111|0x0000000746f00000, 0x0000000747000000, 0x0000000747000000|100%|HC|  |TAMS 0x0000000746f00000, 0x0000000746f00000| Untracked 
| 112|0x0000000747000000, 0x0000000747100000, 0x0000000747100000|100%|HC|  |TAMS 0x0000000747000000, 0x0000000747000000| Untracked 
| 113|0x0000000747100000, 0x0000000747200000, 0x0000000747200000|100%|HC|  |TAMS 0x0000000747100000, 0x0000000747100000| Untracked 
| 114|0x0000000747200000, 0x0000000747200000, 0x0000000747300000|  0%| F|  |TAMS 0x0000000747200000, 0x0000000747200000| Untracked 
| 115|0x0000000747300000, 0x0000000747300000, 0x0000000747400000|  0%| F|  |TAMS 0x0000000747300000, 0x0000000747300000| Untracked 
| 116|0x0000000747400000, 0x0000000747400000, 0x0000000747500000|  0%| F|  |TAMS 0x0000000747400000, 0x0000000747400000| Untracked 
| 117|0x0000000747500000, 0x0000000747500000, 0x0000000747600000|  0%| F|  |TAMS 0x0000000747500000, 0x0000000747500000| Untracked 
| 118|0x0000000747600000, 0x0000000747600000, 0x0000000747700000|  0%| F|  |TAMS 0x0000000747600000, 0x0000000747600000| Untracked 
| 119|0x0000000747700000, 0x0000000747700000, 0x0000000747800000|  0%| F|  |TAMS 0x0000000747700000, 0x0000000747700000| Untracked 
| 120|0x0000000747800000, 0x0000000747800000, 0x0000000747900000|  0%| F|  |TAMS 0x0000000747800000, 0x0000000747800000| Untracked 
| 121|0x0000000747900000, 0x0000000747900000, 0x0000000747a00000|  0%| F|  |TAMS 0x0000000747900000, 0x0000000747900000| Untracked 
| 122|0x0000000747a00000, 0x0000000747a00000, 0x0000000747b00000|  0%| F|  |TAMS 0x0000000747a00000, 0x0000000747a00000| Untracked 
| 123|0x0000000747b00000, 0x0000000747b00000, 0x0000000747c00000|  0%| F|  |TAMS 0x0000000747b00000, 0x0000000747b00000| Untracked 
| 124|0x0000000747c00000, 0x0000000747c00000, 0x0000000747d00000|  0%| F|  |TAMS 0x0000000747c00000, 0x0000000747c00000| Untracked 
| 125|0x0000000747d00000, 0x0000000747d00000, 0x0000000747e00000|  0%| F|  |TAMS 0x0000000747d00000, 0x0000000747d00000| Untracked 
| 126|0x0000000747e00000, 0x0000000747e00000, 0x0000000747f00000|  0%| F|  |TAMS 0x0000000747e00000, 0x0000000747e00000| Untracked 
| 127|0x0000000747f00000, 0x0000000747f00000, 0x0000000748000000|  0%| F|  |TAMS 0x0000000747f00000, 0x0000000747f00000| Untracked 
| 128|0x0000000748000000, 0x0000000748000000, 0x0000000748100000|  0%| F|  |TAMS 0x0000000748000000, 0x0000000748000000| Untracked 
| 129|0x0000000748100000, 0x0000000748100000, 0x0000000748200000|  0%| F|  |TAMS 0x0000000748100000, 0x0000000748100000| Untracked 
| 130|0x0000000748200000, 0x0000000748200000, 0x0000000748300000|  0%| F|  |TAMS 0x0000000748200000, 0x0000000748200000| Untracked 
| 131|0x0000000748300000, 0x0000000748300000, 0x0000000748400000|  0%| F|  |TAMS 0x0000000748300000, 0x0000000748300000| Untracked 
| 132|0x0000000748400000, 0x0000000748400000, 0x0000000748500000|  0%| F|  |TAMS 0x0000000748400000, 0x0000000748400000| Untracked 
| 133|0x0000000748500000, 0x0000000748500000, 0x0000000748600000|  0%| F|  |TAMS 0x0000000748500000, 0x0000000748500000| Untracked 
| 134|0x0000000748600000, 0x0000000748600000, 0x0000000748700000|  0%| F|  |TAMS 0x0000000748600000, 0x0000000748600000| Untracked 
| 135|0x0000000748700000, 0x0000000748700000, 0x0000000748800000|  0%| F|  |TAMS 0x0000000748700000, 0x0000000748700000| Untracked 
| 136|0x0000000748800000, 0x0000000748800000, 0x0000000748900000|  0%| F|  |TAMS 0x0000000748800000, 0x0000000748800000| Untracked 
| 137|0x0000000748900000, 0x0000000748900000, 0x0000000748a00000|  0%| F|  |TAMS 0x0000000748900000, 0x0000000748900000| Untracked 
| 138|0x0000000748a00000, 0x0000000748a00000, 0x0000000748b00000|  0%| F|  |TAMS 0x0000000748a00000, 0x0000000748a00000| Untracked 
| 139|0x0000000748b00000, 0x0000000748b00000, 0x0000000748c00000|  0%| F|  |TAMS 0x0000000748b00000, 0x0000000748b00000| Untracked 
| 140|0x0000000748c00000, 0x0000000748c00000, 0x0000000748d00000|  0%| F|  |TAMS 0x0000000748c00000, 0x0000000748c00000| Untracked 
| 141|0x0000000748d00000, 0x0000000748d00000, 0x0000000748e00000|  0%| F|  |TAMS 0x0000000748d00000, 0x0000000748d00000| Untracked 
| 142|0x0000000748e00000, 0x0000000748e00000, 0x0000000748f00000|  0%| F|  |TAMS 0x0000000748e00000, 0x0000000748e00000| Untracked 
| 143|0x0000000748f00000, 0x0000000748f00000, 0x0000000749000000|  0%| F|  |TAMS 0x0000000748f00000, 0x0000000748f00000| Untracked 
| 144|0x0000000749000000, 0x0000000749000000, 0x0000000749100000|  0%| F|  |TAMS 0x0000000749000000, 0x0000000749000000| Untracked 
| 145|0x0000000749100000, 0x0000000749100000, 0x0000000749200000|  0%| F|  |TAMS 0x0000000749100000, 0x0000000749100000| Untracked 
| 146|0x0000000749200000, 0x0000000749200000, 0x0000000749300000|  0%| F|  |TAMS 0x0000000749200000, 0x0000000749200000| Untracked 
| 147|0x0000000749300000, 0x0000000749300000, 0x0000000749400000|  0%| F|  |TAMS 0x0000000749300000, 0x0000000749300000| Untracked 
| 148|0x0000000749400000, 0x0000000749400000, 0x0000000749500000|  0%| F|  |TAMS 0x0000000749400000, 0x0000000749400000| Untracked 
| 149|0x0000000749500000, 0x0000000749500000, 0x0000000749600000|  0%| F|  |TAMS 0x0000000749500000, 0x0000000749500000| Untracked 
| 150|0x0000000749600000, 0x0000000749600000, 0x0000000749700000|  0%| F|  |TAMS 0x0000000749600000, 0x0000000749600000| Untracked 
| 151|0x0000000749700000, 0x0000000749700000, 0x0000000749800000|  0%| F|  |TAMS 0x0000000749700000, 0x0000000749700000| Untracked 
| 152|0x0000000749800000, 0x0000000749800000, 0x0000000749900000|  0%| F|  |TAMS 0x0000000749800000, 0x0000000749800000| Untracked 
| 153|0x0000000749900000, 0x0000000749900000, 0x0000000749a00000|  0%| F|  |TAMS 0x0000000749900000, 0x0000000749900000| Untracked 
| 154|0x0000000749a00000, 0x0000000749a00000, 0x0000000749b00000|  0%| F|  |TAMS 0x0000000749a00000, 0x0000000749a00000| Untracked 
| 155|0x0000000749b00000, 0x0000000749b00000, 0x0000000749c00000|  0%| F|  |TAMS 0x0000000749b00000, 0x0000000749b00000| Untracked 
| 156|0x0000000749c00000, 0x0000000749c00000, 0x0000000749d00000|  0%| F|  |TAMS 0x0000000749c00000, 0x0000000749c00000| Untracked 
| 157|0x0000000749d00000, 0x0000000749d00000, 0x0000000749e00000|  0%| F|  |TAMS 0x0000000749d00000, 0x0000000749d00000| Untracked 
| 158|0x0000000749e00000, 0x0000000749e00000, 0x0000000749f00000|  0%| F|  |TAMS 0x0000000749e00000, 0x0000000749e00000| Untracked 
| 159|0x0000000749f00000, 0x0000000749f00000, 0x000000074a000000|  0%| F|  |TAMS 0x0000000749f00000, 0x0000000749f00000| Untracked 
| 160|0x000000074a000000, 0x000000074a000000, 0x000000074a100000|  0%| F|  |TAMS 0x000000074a000000, 0x000000074a000000| Untracked 
| 161|0x000000074a100000, 0x000000074a100000, 0x000000074a200000|  0%| F|  |TAMS 0x000000074a100000, 0x000000074a100000| Untracked 
| 162|0x000000074a200000, 0x000000074a200000, 0x000000074a300000|  0%| F|  |TAMS 0x000000074a200000, 0x000000074a200000| Untracked 
| 163|0x000000074a300000, 0x000000074a300000, 0x000000074a400000|  0%| F|  |TAMS 0x000000074a300000, 0x000000074a300000| Untracked 
| 164|0x000000074a400000, 0x000000074a400000, 0x000000074a500000|  0%| F|  |TAMS 0x000000074a400000, 0x000000074a400000| Untracked 
| 165|0x000000074a500000, 0x000000074a500000, 0x000000074a600000|  0%| F|  |TAMS 0x000000074a500000, 0x000000074a500000| Untracked 
| 166|0x000000074a600000, 0x000000074a600000, 0x000000074a700000|  0%| F|  |TAMS 0x000000074a600000, 0x000000074a600000| Untracked 
| 167|0x000000074a700000, 0x000000074a700000, 0x000000074a800000|  0%| F|  |TAMS 0x000000074a700000, 0x000000074a700000| Untracked 
| 168|0x000000074a800000, 0x000000074a800000, 0x000000074a900000|  0%| F|  |TAMS 0x000000074a800000, 0x000000074a800000| Untracked 
| 169|0x000000074a900000, 0x000000074a900000, 0x000000074aa00000|  0%| F|  |TAMS 0x000000074a900000, 0x000000074a900000| Untracked 
| 170|0x000000074aa00000, 0x000000074aa00000, 0x000000074ab00000|  0%| F|  |TAMS 0x000000074aa00000, 0x000000074aa00000| Untracked 
| 171|0x000000074ab00000, 0x000000074ab00000, 0x000000074ac00000|  0%| F|  |TAMS 0x000000074ab00000, 0x000000074ab00000| Untracked 
| 172|0x000000074ac00000, 0x000000074ac00000, 0x000000074ad00000|  0%| F|  |TAMS 0x000000074ac00000, 0x000000074ac00000| Untracked 
| 173|0x000000074ad00000, 0x000000074ad00000, 0x000000074ae00000|  0%| F|  |TAMS 0x000000074ad00000, 0x000000074ad00000| Untracked 
| 174|0x000000074ae00000, 0x000000074ae00000, 0x000000074af00000|  0%| F|  |TAMS 0x000000074ae00000, 0x000000074ae00000| Untracked 
| 175|0x000000074af00000, 0x000000074af00000, 0x000000074b000000|  0%| F|  |TAMS 0x000000074af00000, 0x000000074af00000| Untracked 
| 176|0x000000074b000000, 0x000000074b000000, 0x000000074b100000|  0%| F|  |TAMS 0x000000074b000000, 0x000000074b000000| Untracked 
| 177|0x000000074b100000, 0x000000074b100000, 0x000000074b200000|  0%| F|  |TAMS 0x000000074b100000, 0x000000074b100000| Untracked 
| 178|0x000000074b200000, 0x000000074b200000, 0x000000074b300000|  0%| F|  |TAMS 0x000000074b200000, 0x000000074b200000| Untracked 
| 179|0x000000074b300000, 0x000000074b300000, 0x000000074b400000|  0%| F|  |TAMS 0x000000074b300000, 0x000000074b300000| Untracked 
| 180|0x000000074b400000, 0x000000074b400000, 0x000000074b500000|  0%| F|  |TAMS 0x000000074b400000, 0x000000074b400000| Untracked 
| 181|0x000000074b500000, 0x000000074b500000, 0x000000074b600000|  0%| F|  |TAMS 0x000000074b500000, 0x000000074b500000| Untracked 
| 182|0x000000074b600000, 0x000000074b600000, 0x000000074b700000|  0%| F|  |TAMS 0x000000074b600000, 0x000000074b600000| Untracked 
| 183|0x000000074b700000, 0x000000074b700000, 0x000000074b800000|  0%| F|  |TAMS 0x000000074b700000, 0x000000074b700000| Untracked 
| 184|0x000000074b800000, 0x000000074b800000, 0x000000074b900000|  0%| F|  |TAMS 0x000000074b800000, 0x000000074b800000| Untracked 
| 185|0x000000074b900000, 0x000000074b900000, 0x000000074ba00000|  0%| F|  |TAMS 0x000000074b900000, 0x000000074b900000| Untracked 
| 186|0x000000074ba00000, 0x000000074ba00000, 0x000000074bb00000|  0%| F|  |TAMS 0x000000074ba00000, 0x000000074ba00000| Untracked 
| 187|0x000000074bb00000, 0x000000074bb00000, 0x000000074bc00000|  0%| F|  |TAMS 0x000000074bb00000, 0x000000074bb00000| Untracked 
| 188|0x000000074bc00000, 0x000000074bc00000, 0x000000074bd00000|  0%| F|  |TAMS 0x000000074bc00000, 0x000000074bc00000| Untracked 
| 189|0x000000074bd00000, 0x000000074bd00000, 0x000000074be00000|  0%| F|  |TAMS 0x000000074bd00000, 0x000000074bd00000| Untracked 
| 190|0x000000074be00000, 0x000000074be00000, 0x000000074bf00000|  0%| F|  |TAMS 0x000000074be00000, 0x000000074be00000| Untracked 
| 191|0x000000074bf00000, 0x000000074bf00000, 0x000000074c000000|  0%| F|  |TAMS 0x000000074bf00000, 0x000000074bf00000| Untracked 
| 192|0x000000074c000000, 0x000000074c000000, 0x000000074c100000|  0%| F|  |TAMS 0x000000074c000000, 0x000000074c000000| Untracked 
| 193|0x000000074c100000, 0x000000074c100000, 0x000000074c200000|  0%| F|  |TAMS 0x000000074c100000, 0x000000074c100000| Untracked 
| 194|0x000000074c200000, 0x000000074c2190e0, 0x000000074c300000|  9%| S|CS|TAMS 0x000000074c200000, 0x000000074c200000| Complete 
| 195|0x000000074c300000, 0x000000074c300000, 0x000000074c400000|  0%| F|  |TAMS 0x000000074c300000, 0x000000074c300000| Untracked 
| 196|0x000000074c400000, 0x000000074c500000, 0x000000074c500000|100%| S|CS|TAMS 0x000000074c400000, 0x000000074c400000| Complete 
| 197|0x000000074c500000, 0x000000074c500000, 0x000000074c600000|  0%| F|  |TAMS 0x000000074c500000, 0x000000074c500000| Untracked 
| 198|0x000000074c600000, 0x000000074c600000, 0x000000074c700000|  0%| F|  |TAMS 0x000000074c600000, 0x000000074c600000| Untracked 
| 199|0x000000074c700000, 0x000000074c700000, 0x000000074c800000|  0%| F|  |TAMS 0x000000074c700000, 0x000000074c700000| Untracked 
| 200|0x000000074c800000, 0x000000074c800000, 0x000000074c900000|  0%| F|  |TAMS 0x000000074c800000, 0x000000074c800000| Untracked 
| 201|0x000000074c900000, 0x000000074c900000, 0x000000074ca00000|  0%| F|  |TAMS 0x000000074c900000, 0x000000074c900000| Untracked 
| 202|0x000000074ca00000, 0x000000074ca00000, 0x000000074cb00000|  0%| F|  |TAMS 0x000000074ca00000, 0x000000074ca00000| Untracked 
| 203|0x000000074cb00000, 0x000000074cb00000, 0x000000074cc00000|  0%| F|  |TAMS 0x000000074cb00000, 0x000000074cb00000| Untracked 
| 204|0x000000074cc00000, 0x000000074cc00000, 0x000000074cd00000|  0%| F|  |TAMS 0x000000074cc00000, 0x000000074cc00000| Untracked 
| 205|0x000000074cd00000, 0x000000074cd00000, 0x000000074ce00000|  0%| F|  |TAMS 0x000000074cd00000, 0x000000074cd00000| Untracked 
| 206|0x000000074ce00000, 0x000000074ce00000, 0x000000074cf00000|  0%| F|  |TAMS 0x000000074ce00000, 0x000000074ce00000| Untracked 
| 207|0x000000074cf00000, 0x000000074cf00000, 0x000000074d000000|  0%| F|  |TAMS 0x000000074cf00000, 0x000000074cf00000| Untracked 
| 208|0x000000074d000000, 0x000000074d000000, 0x000000074d100000|  0%| F|  |TAMS 0x000000074d000000, 0x000000074d000000| Untracked 
| 209|0x000000074d100000, 0x000000074d100000, 0x000000074d200000|  0%| F|  |TAMS 0x000000074d100000, 0x000000074d100000| Untracked 
| 210|0x000000074d200000, 0x000000074d200000, 0x000000074d300000|  0%| F|  |TAMS 0x000000074d200000, 0x000000074d200000| Untracked 
| 211|0x000000074d300000, 0x000000074d300000, 0x000000074d400000|  0%| F|  |TAMS 0x000000074d300000, 0x000000074d300000| Untracked 
| 212|0x000000074d400000, 0x000000074d400000, 0x000000074d500000|  0%| F|  |TAMS 0x000000074d400000, 0x000000074d400000| Untracked 
| 213|0x000000074d500000, 0x000000074d500000, 0x000000074d600000|  0%| F|  |TAMS 0x000000074d500000, 0x000000074d500000| Untracked 
| 214|0x000000074d600000, 0x000000074d600000, 0x000000074d700000|  0%| F|  |TAMS 0x000000074d600000, 0x000000074d600000| Untracked 
| 215|0x000000074d700000, 0x000000074d700000, 0x000000074d800000|  0%| F|  |TAMS 0x000000074d700000, 0x000000074d700000| Untracked 
| 216|0x000000074d800000, 0x000000074d800000, 0x000000074d900000|  0%| F|  |TAMS 0x000000074d800000, 0x000000074d800000| Untracked 
| 217|0x000000074d900000, 0x000000074d900000, 0x000000074da00000|  0%| F|  |TAMS 0x000000074d900000, 0x000000074d900000| Untracked 
| 218|0x000000074da00000, 0x000000074da00000, 0x000000074db00000|  0%| F|  |TAMS 0x000000074da00000, 0x000000074da00000| Untracked 
| 219|0x000000074db00000, 0x000000074db00000, 0x000000074dc00000|  0%| F|  |TAMS 0x000000074db00000, 0x000000074db00000| Untracked 
| 220|0x000000074dc00000, 0x000000074dc00000, 0x000000074dd00000|  0%| F|  |TAMS 0x000000074dc00000, 0x000000074dc00000| Untracked 
| 221|0x000000074dd00000, 0x000000074dd00000, 0x000000074de00000|  0%| F|  |TAMS 0x000000074dd00000, 0x000000074dd00000| Untracked 
| 222|0x000000074de00000, 0x000000074de00000, 0x000000074df00000|  0%| F|  |TAMS 0x000000074de00000, 0x000000074de00000| Untracked 
| 223|0x000000074df00000, 0x000000074df00000, 0x000000074e000000|  0%| F|  |TAMS 0x000000074df00000, 0x000000074df00000| Untracked 
| 224|0x000000074e000000, 0x000000074e000000, 0x000000074e100000|  0%| F|  |TAMS 0x000000074e000000, 0x000000074e000000| Untracked 
| 225|0x000000074e100000, 0x000000074e100000, 0x000000074e200000|  0%| F|  |TAMS 0x000000074e100000, 0x000000074e100000| Untracked 
| 226|0x000000074e200000, 0x000000074e200000, 0x000000074e300000|  0%| F|  |TAMS 0x000000074e200000, 0x000000074e200000| Untracked 
| 227|0x000000074e300000, 0x000000074e300000, 0x000000074e400000|  0%| F|  |TAMS 0x000000074e300000, 0x000000074e300000| Untracked 
| 228|0x000000074e400000, 0x000000074e400000, 0x000000074e500000|  0%| F|  |TAMS 0x000000074e400000, 0x000000074e400000| Untracked 
| 229|0x000000074e500000, 0x000000074e500000, 0x000000074e600000|  0%| F|  |TAMS 0x000000074e500000, 0x000000074e500000| Untracked 
| 230|0x000000074e600000, 0x000000074e600000, 0x000000074e700000|  0%| F|  |TAMS 0x000000074e600000, 0x000000074e600000| Untracked 
| 231|0x000000074e700000, 0x000000074e700000, 0x000000074e800000|  0%| F|  |TAMS 0x000000074e700000, 0x000000074e700000| Untracked 
| 232|0x000000074e800000, 0x000000074e800000, 0x000000074e900000|  0%| F|  |TAMS 0x000000074e800000, 0x000000074e800000| Untracked 
| 233|0x000000074e900000, 0x000000074e900000, 0x000000074ea00000|  0%| F|  |TAMS 0x000000074e900000, 0x000000074e900000| Untracked 
| 234|0x000000074ea00000, 0x000000074ea00000, 0x000000074eb00000|  0%| F|  |TAMS 0x000000074ea00000, 0x000000074ea00000| Untracked 
| 235|0x000000074eb00000, 0x000000074eb00000, 0x000000074ec00000|  0%| F|  |TAMS 0x000000074eb00000, 0x000000074eb00000| Untracked 
| 236|0x000000074ec00000, 0x000000074ec00000, 0x000000074ed00000|  0%| F|  |TAMS 0x000000074ec00000, 0x000000074ec00000| Untracked 
| 237|0x000000074ed00000, 0x000000074ed00000, 0x000000074ee00000|  0%| F|  |TAMS 0x000000074ed00000, 0x000000074ed00000| Untracked 
| 238|0x000000074ee00000, 0x000000074ee00000, 0x000000074ef00000|  0%| F|  |TAMS 0x000000074ee00000, 0x000000074ee00000| Untracked 
| 239|0x000000074ef00000, 0x000000074ef00000, 0x000000074f000000|  0%| F|  |TAMS 0x000000074ef00000, 0x000000074ef00000| Untracked 
| 240|0x000000074f000000, 0x000000074f000000, 0x000000074f100000|  0%| F|  |TAMS 0x000000074f000000, 0x000000074f000000| Untracked 
| 241|0x000000074f100000, 0x000000074f100000, 0x000000074f200000|  0%| F|  |TAMS 0x000000074f100000, 0x000000074f100000| Untracked 
| 242|0x000000074f200000, 0x000000074f200000, 0x000000074f300000|  0%| F|  |TAMS 0x000000074f200000, 0x000000074f200000| Untracked 
| 243|0x000000074f300000, 0x000000074f300000, 0x000000074f400000|  0%| F|  |TAMS 0x000000074f300000, 0x000000074f300000| Untracked 
| 244|0x000000074f400000, 0x000000074f400000, 0x000000074f500000|  0%| F|  |TAMS 0x000000074f400000, 0x000000074f400000| Untracked 
| 245|0x000000074f500000, 0x000000074f500000, 0x000000074f600000|  0%| F|  |TAMS 0x000000074f500000, 0x000000074f500000| Untracked 
| 246|0x000000074f600000, 0x000000074f600000, 0x000000074f700000|  0%| F|  |TAMS 0x000000074f600000, 0x000000074f600000| Untracked 
| 247|0x000000074f700000, 0x000000074f700000, 0x000000074f800000|  0%| F|  |TAMS 0x000000074f700000, 0x000000074f700000| Untracked 
| 248|0x000000074f800000, 0x000000074f800000, 0x000000074f900000|  0%| F|  |TAMS 0x000000074f800000, 0x000000074f800000| Untracked 
| 249|0x000000074f900000, 0x000000074f900000, 0x000000074fa00000|  0%| F|  |TAMS 0x000000074f900000, 0x000000074f900000| Untracked 
| 250|0x000000074fa00000, 0x000000074fa00000, 0x000000074fb00000|  0%| F|  |TAMS 0x000000074fa00000, 0x000000074fa00000| Untracked 
| 251|0x000000074fb00000, 0x000000074fb00000, 0x000000074fc00000|  0%| F|  |TAMS 0x000000074fb00000, 0x000000074fb00000| Untracked 
| 252|0x000000074fc00000, 0x000000074fc00000, 0x000000074fd00000|  0%| F|  |TAMS 0x000000074fc00000, 0x000000074fc00000| Untracked 
| 253|0x000000074fd00000, 0x000000074fd00000, 0x000000074fe00000|  0%| F|  |TAMS 0x000000074fd00000, 0x000000074fd00000| Untracked 
| 254|0x000000074fe00000, 0x000000074fe049d0, 0x000000074ff00000|  1%| E|  |TAMS 0x000000074fe00000, 0x000000074fe00000| Complete 
| 255|0x000000074ff00000, 0x0000000750000000, 0x0000000750000000|100%| E|CS|TAMS 0x000000074ff00000, 0x000000074ff00000| Complete 

Card table byte_map: [0x000001a9ab480000,0x000001a9aba80000] _byte_map_base: 0x000001a9a7a80000

Marking Bits (Prev, Next): (CMBitMap*) 0x000001a98e5438a8, (CMBitMap*) 0x000001a98e5438e0
 Prev Bits: [0x000001a9ae8b0000, 0x000001a9b18b0000)
 Next Bits: [0x000001a9b18b0000, 0x000001a9b48b0000)

Polling page: 0x000001a987ba0000

Metaspace:

Usage:
  Non-class:     92.19 MB capacity,    90.69 MB ( 98%) used,     1.14 MB (  1%) free+waste,   372.56 KB ( <1%) overhead. 
      Class:     15.46 MB capacity,    14.23 MB ( 92%) used,     1.06 MB (  7%) free+waste,   180.19 KB (  1%) overhead. 
       Both:    107.66 MB capacity,   104.92 MB ( 97%) used,     2.19 MB (  2%) free+waste,   552.75 KB ( <1%) overhead. 

Virtual space:
  Non-class space:       94.00 MB reserved,      92.25 MB ( 98%) committed 
      Class space:        1.00 GB reserved,      15.50 MB (  2%) committed 
             Both:        1.09 GB reserved,     107.75 MB ( 10%) committed 

Chunk freelists:
   Non-Class:  7.13 KB
       Class:  768 bytes
        Both:  7.88 KB

CodeHeap 'non-profiled nmethods': size=120064Kb used=18435Kb max_used=18499Kb free=101628Kb
 bounds [0x000001a9a20d0000, 0x000001a9a3300000, 0x000001a9a9610000]
CodeHeap 'profiled nmethods': size=120000Kb used=42732Kb max_used=44453Kb free=77268Kb
 bounds [0x000001a99aba0000, 0x000001a99d780000, 0x000001a9a20d0000]
CodeHeap 'non-nmethods': size=5696Kb used=1687Kb max_used=1742Kb free=4008Kb
 bounds [0x000001a99a610000, 0x000001a99a880000, 0x000001a99aba0000]
 total_blobs=31747 nmethods=17509 adapters=1165
 compilation: enabled
              stopped_count=0, restarted_count=0
 full_count=0

Compilation events (10 events):
Event: 1051.156 Thread 0x000001a9cb696000 22560       3       javax.swing.plaf.basic.BasicButtonListener::mouseMoved (1 bytes)
Event: 1051.156 Thread 0x000001a9cb696000 nmethod 22560 0x000001a99ba7cb10 code [0x000001a99ba7ccc0, 0x000001a99ba7ce18]
Event: 1051.442 Thread 0x000001a9cb696000 22561       3       ui.data.common.a.n::<init> (8 bytes)
Event: 1051.442 Thread 0x000001a9cb696000 nmethod 22561 0x000001a99c9e7210 code [0x000001a99c9e73e0, 0x000001a99c9e7730]
Event: 1051.442 Thread 0x000001a9cb696000 22562       3       ui.data.common.a.n::<init> (9 bytes)
Event: 1051.443 Thread 0x000001a9cb696000 nmethod 22562 0x000001a99c9f4410 code [0x000001a99c9f4600, 0x000001a99c9f49e0]
Event: 1051.459 Thread 0x000001a9cb696000 22563       1       sun.awt.Win32GraphicsConfig::getProxyKey (5 bytes)
Event: 1051.459 Thread 0x000001a9cb696000 nmethod 22563 0x000001a9a2ed0610 code [0x000001a9a2ed07c0, 0x000001a9a2ed08d8]
Event: 1051.770 Thread 0x000001a9cae36800 22564       4       ui.data.design.K::aVC (8 bytes)
Event: 1051.770 Thread 0x000001a9cae36800 nmethod 22564 0x000001a9a2ed0310 code [0x000001a9a2ed04a0, 0x000001a9a2ed0528]

GC Heap History (10 events):
Event: 1038.037 GC heap before
{Heap before GC invocations=102 (full 12):
 garbage-first heap   total 262144K, used 162109K [0x0000000740000000, 0x0000000800000000)
  region size 1024K, 60 young (61440K), 1 survivors (1024K)
 Metaspace       used 107325K, capacity 110049K, committed 110336K, reserved 1144832K
  class space    used 14570K, capacity 15834K, committed 15872K, reserved 1048576K
}
Event: 1038.041 GC heap after
{Heap after GC invocations=103 (full 12):
 garbage-first heap   total 262144K, used 101440K [0x0000000740000000, 0x0000000800000000)
  region size 1024K, 1 young (1024K), 1 survivors (1024K)
 Metaspace       used 107325K, capacity 110049K, committed 110336K, reserved 1144832K
  class space    used 14570K, capacity 15834K, committed 15872K, reserved 1048576K
}
Event: 1041.410 GC heap before
{Heap before GC invocations=103 (full 12):
 garbage-first heap   total 262144K, used 161856K [0x0000000740000000, 0x0000000800000000)
  region size 1024K, 60 young (61440K), 1 survivors (1024K)
 Metaspace       used 107333K, capacity 110049K, committed 110336K, reserved 1144832K
  class space    used 14570K, capacity 15834K, committed 15872K, reserved 1048576K
}
Event: 1041.411 GC heap after
{Heap after GC invocations=104 (full 12):
 garbage-first heap   total 262144K, used 101324K [0x0000000740000000, 0x0000000800000000)
  region size 1024K, 1 young (1024K), 1 survivors (1024K)
 Metaspace       used 107333K, capacity 110049K, committed 110336K, reserved 1144832K
  class space    used 14570K, capacity 15834K, committed 15872K, reserved 1048576K
}
Event: 1046.195 GC heap before
{Heap before GC invocations=104 (full 12):
 garbage-first heap   total 262144K, used 161740K [0x0000000740000000, 0x0000000800000000)
  region size 1024K, 60 young (61440K), 1 survivors (1024K)
 Metaspace       used 107372K, capacity 110177K, committed 110336K, reserved 1144832K
  class space    used 14570K, capacity 15834K, committed 15872K, reserved 1048576K
}
Event: 1046.198 GC heap after
{Heap after GC invocations=105 (full 12):
 garbage-first heap   total 262144K, used 101621K [0x0000000740000000, 0x0000000800000000)
  region size 1024K, 1 young (1024K), 1 survivors (1024K)
 Metaspace       used 107372K, capacity 110177K, committed 110336K, reserved 1144832K
  class space    used 14570K, capacity 15834K, committed 15872K, reserved 1048576K
}
Event: 1048.382 GC heap before
{Heap before GC invocations=105 (full 12):
 garbage-first heap   total 262144K, used 162037K [0x0000000740000000, 0x0000000800000000)
  region size 1024K, 60 young (61440K), 1 survivors (1024K)
 Metaspace       used 107394K, capacity 110177K, committed 110336K, reserved 1144832K
  class space    used 14570K, capacity 15834K, committed 15872K, reserved 1048576K
}
Event: 1048.384 GC heap after
{Heap after GC invocations=106 (full 12):
 garbage-first heap   total 262144K, used 101625K [0x0000000740000000, 0x0000000800000000)
  region size 1024K, 1 young (1024K), 1 survivors (1024K)
 Metaspace       used 107394K, capacity 110177K, committed 110336K, reserved 1144832K
  class space    used 14570K, capacity 15834K, committed 15872K, reserved 1048576K
}
Event: 1051.766 GC heap before
{Heap before GC invocations=106 (full 12):
 garbage-first heap   total 262144K, used 162041K [0x0000000740000000, 0x0000000800000000)
  region size 1024K, 60 young (61440K), 1 survivors (1024K)
 Metaspace       used 107441K, capacity 110241K, committed 110336K, reserved 1144832K
  class space    used 14570K, capacity 15834K, committed 15872K, reserved 1048576K
}
Event: 1051.769 GC heap after
{Heap after GC invocations=107 (full 12):
 garbage-first heap   total 262144K, used 101899K [0x0000000740000000, 0x0000000800000000)
  region size 1024K, 2 young (2048K), 2 survivors (2048K)
 Metaspace       used 107441K, capacity 110241K, committed 110336K, reserved 1144832K
  class space    used 14570K, capacity 15834K, committed 15872K, reserved 1048576K
}

Deoptimization events (10 events):
Event: 1041.380 Thread 0x000001a990210800 Uncommon trap: reason=class_check action=maybe_recompile pc=0x000001a9a3228878 method=ui.views.waveform.executive.protobuf.WVTree$WVTreeNode.getColumnValuesCount()I @ 4 c2
Event: 1041.380 Thread 0x000001a990210800 Uncommon trap: reason=class_check action=maybe_recompile pc=0x000001a9a3228878 method=ui.views.waveform.executive.protobuf.WVTree$WVTreeNode.getColumnValuesCount()I @ 4 c2
Event: 1047.612 Thread 0x000001a990210800 Uncommon trap: reason=class_check action=maybe_recompile pc=0x000001a9a3228878 method=ui.views.waveform.executive.protobuf.WVTree$WVTreeNode.getColumnValuesCount()I @ 4 c2
Event: 1047.612 Thread 0x000001a990210800 Uncommon trap: reason=class_check action=maybe_recompile pc=0x000001a9a3228878 method=ui.views.waveform.executive.protobuf.WVTree$WVTreeNode.getColumnValuesCount()I @ 4 c2
Event: 1047.612 Thread 0x000001a990210800 Uncommon trap: reason=unstable_if action=reinterpret pc=0x000001a9a32e07f8 method=com.jidesoft.grid.TreeTableModel.getRowIndex(Lcom/jidesoft/grid/Row;)I @ 1 c2
Event: 1051.366 Thread 0x000001a990210800 Uncommon trap: reason=class_check action=maybe_recompile pc=0x000001a9a2bdfa64 method=com.jidesoft.swing.JideSwingUtilities.getButtonState(Ljavax/swing/AbstractButton;)I @ 37 c2
Event: 1051.453 Thread 0x000001a990210800 Uncommon trap: reason=speculate_class_check action=maybe_recompile pc=0x000001a9a2ac204c method=java.awt.Component.reshape(IIII)V @ 222 c2
Event: 1051.454 Thread 0x000001a990210800 Uncommon trap: reason=speculate_class_check action=maybe_recompile pc=0x000001a9a2ac204c method=java.awt.Component.reshape(IIII)V @ 222 c2
Event: 1051.460 Thread 0x000001a990210800 Uncommon trap: reason=speculate_class_check action=maybe_recompile pc=0x000001a9a3222f14 method=javax.swing.plaf.basic.BasicLabelUI.layout(Ljavax/swing/JLabel;Ljava/awt/FontMetrics;II)Ljava/lang/String; @ 180 c2
Event: 1051.478 Thread 0x000001a990210800 Uncommon trap: reason=class_check action=maybe_recompile pc=0x000001a9a283b7a0 method=javax.swing.AbstractButton.setEnabled(Z)V @ 21 c2

Classes redefined (0 events):
No events

Internal exceptions (10 events):
Event: 1028.354 Thread 0x000001a990210800 Exception <a 'java/io/FileNotFoundException'{0x000000074e4e3b28}> (0x000000074e4e3b28) thrown at [t:/workspace/open/src/hotspot/share/prims/jni.cpp, line 615]
Event: 1028.355 Thread 0x000001a990210800 Exception <a 'java/io/FileNotFoundException'{0x000000074e4e4878}> (0x000000074e4e4878) thrown at [t:/workspace/open/src/hotspot/share/prims/jni.cpp, line 615]
Event: 1033.340 Thread 0x000001a990210800 Exception <a 'java/io/FileNotFoundException'{0x000000074c9d19a8}> (0x000000074c9d19a8) thrown at [t:/workspace/open/src/hotspot/share/prims/jni.cpp, line 615]
Event: 1033.340 Thread 0x000001a990210800 Exception <a 'java/io/FileNotFoundException'{0x000000074c9d21a8}> (0x000000074c9d21a8) thrown at [t:/workspace/open/src/hotspot/share/prims/jni.cpp, line 615]
Event: 1038.342 Thread 0x000001a990210800 Exception <a 'java/io/FileNotFoundException'{0x000000074fef74c0}> (0x000000074fef74c0) thrown at [t:/workspace/open/src/hotspot/share/prims/jni.cpp, line 615]
Event: 1038.342 Thread 0x000001a990210800 Exception <a 'java/io/FileNotFoundException'{0x000000074fef7cc0}> (0x000000074fef7cc0) thrown at [t:/workspace/open/src/hotspot/share/prims/jni.cpp, line 615]
Event: 1043.342 Thread 0x000001a990210800 Exception <a 'java/io/FileNotFoundException'{0x000000074ef72838}> (0x000000074ef72838) thrown at [t:/workspace/open/src/hotspot/share/prims/jni.cpp, line 615]
Event: 1043.343 Thread 0x000001a990210800 Exception <a 'java/io/FileNotFoundException'{0x000000074ef73038}> (0x000000074ef73038) thrown at [t:/workspace/open/src/hotspot/share/prims/jni.cpp, line 615]
Event: 1048.343 Thread 0x000001a990210800 Exception <a 'java/io/FileNotFoundException'{0x000000074c570758}> (0x000000074c570758) thrown at [t:/workspace/open/src/hotspot/share/prims/jni.cpp, line 615]
Event: 1048.343 Thread 0x000001a990210800 Exception <a 'java/io/FileNotFoundException'{0x000000074c570f58}> (0x000000074c570f58) thrown at [t:/workspace/open/src/hotspot/share/prims/jni.cpp, line 615]

Events (10 events):
Event: 1051.460 Thread 0x000001a990210800 Uncommon trap: trap_request=0xffffff6e fr.pc=0x000001a9a3222f14 relative=0x0000000000000ef4
Event: 1051.460 Thread 0x000001a990210800 DEOPT PACKING pc=0x000001a9a3222f14 sp=0x0000006aa31f43c0
Event: 1051.460 Thread 0x000001a990210800 DEOPT UNPACKING pc=0x000001a99a6391af sp=0x0000006aa31f42f8 mode 2
Event: 1051.478 Thread 0x000001a990210800 Uncommon trap: trap_request=0xffffffde fr.pc=0x000001a9a283b7a0 relative=0x00000000000000e0
Event: 1051.478 Thread 0x000001a990210800 DEOPT PACKING pc=0x000001a9a283b7a0 sp=0x0000006aa31f6500
Event: 1051.478 Thread 0x000001a990210800 DEOPT UNPACKING pc=0x000001a99a6391af sp=0x0000006aa31f6488 mode 2
Event: 1051.766 Executing VM operation: G1CollectForAllocation
Event: 1051.769 Executing VM operation: G1CollectForAllocation done
Event: 1052.042 Thread 0x000001a9bc1b0000 Thread added: 0x000001a9bc1b0000
Event: 1052.046 Thread 0x000001a9bc1b0000 Thread exited: 0x000001a9bc1b0000


Dynamic libraries:
0x00007ff6d2660000 - 0x00007ff6d2691000 	C:\Xilinx\Vivado\2021.1\bin\unwrapped\win64.o\vivado.exe
0x00007ffa635f0000 - 0x00007ffa637e5000 	C:\Windows\SYSTEM32\ntdll.dll
0x00007ffa631f0000 - 0x00007ffa632ae000 	C:\Windows\System32\KERNEL32.DLL
0x00007ffa60d10000 - 0x00007ffa60fd9000 	C:\Windows\System32\KERNELBASE.dll
0x00007ffa61340000 - 0x00007ffa61440000 	C:\Windows\System32\ucrtbase.dll
0x00007ffa426a0000 - 0x00007ffa42739000 	C:\Windows\SYSTEM32\MSVCP140.dll
0x00007ffa45c00000 - 0x00007ffa45c16000 	C:\Windows\SYSTEM32\VCRUNTIME140.dll
0x00007ffa5e310000 - 0x00007ffa5e328000 	C:\Xilinx\Vivado\2021.1\lib\win64.o\librdi_commonmain.dll
0x00007ffa18c00000 - 0x00007ffa19eaa000 	C:\Xilinx\Vivado\2021.1\lib\win64.o\librdi_common.dll
0x00007ffa5e2f0000 - 0x00007ffa5e2f9000 	C:\Xilinx\Vivado\2021.1\lib\win64.o\librdi_commonversion.dll
0x00007ffa63400000 - 0x00007ffa635a1000 	C:\Windows\System32\USER32.dll
0x00007ffa612c0000 - 0x00007ffa612e2000 	C:\Windows\System32\win32u.dll
0x00007ffa4bbf0000 - 0x00007ffa4bc11000 	C:\Xilinx\Vivado\2021.1\lib\win64.o\libboost_filesystem.dll
0x00007ffa61b90000 - 0x00007ffa61bbb000 	C:\Windows\System32\GDI32.dll
0x00007ffa61ea0000 - 0x00007ffa61f4c000 	C:\Windows\System32\ADVAPI32.dll
0x00007ffa610d0000 - 0x00007ffa611db000 	C:\Windows\System32\gdi32full.dll
0x00007ffa47170000 - 0x00007ffa4730c000 	C:\Xilinx\Vivado\2021.1\lib\win64.o\librdi_commonxillic.dll
0x000000006f620000 - 0x000000006f74b000 	C:\Xilinx\Vivado\2021.1\lib\win64.o\tcl85t.dll
0x00007ffa61a10000 - 0x00007ffa61aae000 	C:\Windows\System32\msvcrt.dll
0x00007ffa615a0000 - 0x00007ffa6163d000 	C:\Windows\System32\msvcp_win.dll
0x00007ffa62000000 - 0x00007ffa6206b000 	C:\Windows\System32\WS2_32.dll
0x00007ffa61640000 - 0x00007ffa616db000 	C:\Windows\System32\sechost.dll
0x00007ffa61c90000 - 0x00007ffa61dba000 	C:\Windows\System32\RPCRT4.dll
0x00007ffa62500000 - 0x00007ffa62c3f000 	C:\Windows\System32\SHELL32.dll
0x00007ffa611e0000 - 0x00007ffa61207000 	C:\Windows\System32\bcrypt.dll
0x00007ffa2cad0000 - 0x00007ffa2ce3e000 	C:\Xilinx\Vivado\2021.1\lib\win64.o\libCOIN-all.dll
0x00007ffa4fb80000 - 0x00007ffa4fb91000 	C:\Xilinx\Vivado\2021.1\lib\win64.o\libboost_date_time.dll
0x00007ffa476d0000 - 0x00007ffa47749000 	C:\Xilinx\Vivado\2021.1\lib\win64.o\libboost_program_options.dll
0x00007ffa47050000 - 0x00007ffa47164000 	C:\Xilinx\Vivado\2021.1\lib\win64.o\libboost_regex.dll
0x00007ffa4be30000 - 0x00007ffa4be4c000 	C:\Xilinx\Vivado\2021.1\lib\win64.o\libboost_thread.dll
0x00007ffa4bbe0000 - 0x00007ffa4bbec000 	C:\Xilinx\Vivado\2021.1\lib\win64.o\libboost_xilinx.dll
0x00007ffa47640000 - 0x00007ffa476c2000 	C:\Xilinx\Vivado\2021.1\lib\win64.o\libhdlpsolve.dll
0x00007ffa46fa0000 - 0x00007ffa47045000 	C:\Xilinx\Vivado\2021.1\lib\win64.o\libhdxml.dll
0x00007ffa4bab0000 - 0x00007ffa4bada000 	C:\Xilinx\Vivado\2021.1\lib\win64.o\libisl_sysinfo.dll
0x00007ffa3ea50000 - 0x00007ffa3eab5000 	C:\Xilinx\Vivado\2021.1\lib\win64.o\liblmx6.0.dll
0x00007ffa4b930000 - 0x00007ffa4b94a000 	C:\Xilinx\Vivado\2021.1\lib\win64.o\pthreadVC2.dll
0x00007ffa4b910000 - 0x00007ffa4b92c000 	C:\Xilinx\Vivado\2021.1\lib\win64.o\librdiconfig.dll
0x00007ffa61900000 - 0x00007ffa61955000 	C:\Windows\System32\SHLWAPI.dll
0x00007ffa477d0000 - 0x00007ffa477f1000 	C:\Xilinx\Vivado\2021.1\lib\win64.o\librdizlib.dll
0x0000000012000000 - 0x0000000012270000 	C:\Xilinx\Vivado\2021.1\lib\win64.o\xerces-c_3_1.dll
0x00007ffa2c7b0000 - 0x00007ffa2cac6000 	C:\Xilinx\Vivado\2021.1\lib\win64.o\libXil_lmgr11.dll
0x00007ffa61ab0000 - 0x00007ffa61b8a000 	C:\Windows\System32\COMDLG32.dll
0x00007ffa62c40000 - 0x00007ffa62f95000 	C:\Windows\System32\combase.dll
0x00007ffa61960000 - 0x00007ffa61a0d000 	C:\Windows\System32\shcore.dll
0x00007ffa63120000 - 0x00007ffa631ed000 	C:\Windows\System32\OLEAUT32.dll
0x00007ffa17200000 - 0x00007ffa181a1200 	C:\Xilinx\Vivado\2021.1\lib\win64.o\libisl_iostreams.dll
0x00007ffa632b0000 - 0x00007ffa633da000 	C:\Windows\System32\ole32.dll
0x00007ffa410c0000 - 0x00007ffa410d8000 	C:\Windows\SYSTEM32\NETAPI32.dll
0x00007ffa60fe0000 - 0x00007ffa61040000 	C:\Windows\System32\WINTRUST.dll
0x00007ffa4db20000 - 0x00007ffa4dff0000 	C:\Windows\SYSTEM32\WININET.dll
0x00007ffa61440000 - 0x00007ffa61596000 	C:\Windows\System32\CRYPT32.dll
0x00007ffa5d4e0000 - 0x00007ffa5d5e8000 	C:\Windows\SYSTEM32\WINHTTP.dll
0x00007ffa4ffe0000 - 0x00007ffa501cb000 	C:\Windows\SYSTEM32\urlmon.dll
0x00007ffa47370000 - 0x00007ffa47379000 	C:\Windows\SYSTEM32\WSOCK32.dll
0x00007ffa477a0000 - 0x00007ffa477c9000 	C:\Windows\SYSTEM32\VCOMP140.DLL
0x00007ffa14310000 - 0x00007ffa16227000 	C:\Xilinx\Vivado\2021.1\lib\win64.o\gurobi90.dll
0x00007ffa4fc80000 - 0x00007ffa4fd30000 	C:\Windows\WinSxS\amd64_microsoft.windows.common-controls_6595b64144ccf1df_5.82.19041.1110_none_792d1c772443f647\COMCTL32.dll
0x00007ffa616e0000 - 0x00007ffa61736000 	C:\Windows\System32\WLDAP32.dll
0x00007ffa61740000 - 0x00007ffa61748000 	C:\Windows\System32\Normaliz.dll
0x00007ffa5bbe0000 - 0x00007ffa5bbfd000 	C:\Windows\SYSTEM32\dhcpcsvc.DLL
0x00007ffa60bd0000 - 0x00007ffa60bfe000 	C:\Windows\SYSTEM32\USERENV.dll
0x00007ffa46f70000 - 0x00007ffa46f94000 	C:\Xilinx\Vivado\2021.1\lib\win64.o\libisl_iosutils.dll
0x00007ffa4b440000 - 0x00007ffa4b458000 	C:\Xilinx\Vivado\2021.1\lib\win64.o\libboost_iostreams.dll
0x00007ffa4fd30000 - 0x00007ffa4ffe0000 	C:\Windows\SYSTEM32\iertutil.dll
0x00007ffa54e70000 - 0x00007ffa54e98000 	C:\Windows\SYSTEM32\srvcli.dll
0x00007ffa60270000 - 0x00007ffa6027c000 	C:\Windows\SYSTEM32\netutils.dll
0x00007ffa604c0000 - 0x00007ffa6052a000 	C:\Windows\SYSTEM32\MSWSOCK.DLL
0x00007ffa61c60000 - 0x00007ffa61c90000 	C:\Windows\System32\IMM32.DLL
0x00007ffa608f0000 - 0x00007ffa60902000 	C:\Windows\SYSTEM32\MSASN1.dll
0x00007ffa5ec30000 - 0x00007ffa5ec42000 	C:\Windows\SYSTEM32\kernel.appcore.dll
0x00007ffa1ad80000 - 0x00007ffa1b2b3000 	C:\Xilinx\Vivado\2021.1\lib\win64.o\librdi_commontasks.dll
0x00007ffa5ba20000 - 0x00007ffa5ba2a000 	C:\Windows\SYSTEM32\VERSION.dll
0x00007ffa1a420000 - 0x00007ffa1a740000 	C:\Xilinx\Vivado\2021.1\lib\win64.o\librdi_sio.dll
0x00007ffa60160000 - 0x00007ffa6019b000 	C:\Windows\SYSTEM32\IPHLPAPI.DLL
0x00007ffa166d0000 - 0x00007ffa171f3000 	C:\Xilinx\Vivado\2021.1\tps\win64\jre11.0.2\bin\server\jvm.dll
0x00007ffa624f0000 - 0x00007ffa624f8000 	C:\Windows\System32\PSAPI.DLL
0x00007ffa5afe0000 - 0x00007ffa5b007000 	C:\Windows\SYSTEM32\WINMM.dll
0x00007ffa5ee30000 - 0x00007ffa5f5c0000 	C:\Windows\SYSTEM32\windows.storage.dll
0x00007ffa60760000 - 0x00007ffa6078c000 	C:\Windows\SYSTEM32\Wldp.dll
0x00007ffa11780000 - 0x00007ffa14310000 	C:\Xilinx\Vivado\2021.1\lib\win64.o\librdi_tcltasks.dll
0x00007ffa3e5f0000 - 0x00007ffa3e66e000 	C:\Xilinx\Vivado\2021.1\lib\win64.o\librdi_boarddep.dll
0x00007ffa2c6b0000 - 0x00007ffa2c7a7000 	C:\Xilinx\Vivado\2021.1\lib\win64.o\librdi_chipscope.dll
0x00007ffa18730000 - 0x00007ffa18c00000 	C:\Xilinx\Vivado\2021.1\lib\win64.o\librdi_bitstream.dll
0x00007ffa18530000 - 0x00007ffa18726000 	C:\Xilinx\Vivado\2021.1\lib\win64.o\librdi_chipscopeimpl.dll
0x00007ffa16570000 - 0x00007ffa166cf000 	C:\Xilinx\Vivado\2021.1\lib\win64.o\librdi_containers.dll
0x00007ffa18370000 - 0x00007ffa18528000 	C:\Xilinx\Vivado\2021.1\lib\win64.o\librdi_board.dll
0x00007ffa0f8d0000 - 0x00007ffa11774000 	C:\Xilinx\Vivado\2021.1\lib\win64.o\librdi_constraints.dll
0x00007ffa0cca0000 - 0x00007ffa0d3c0000 	C:\Xilinx\Vivado\2021.1\lib\win64.o\librdi_coregenipxact.dll
0x00007ff9eed50000 - 0x00007ff9ef0b1000 	C:\Xilinx\Vivado\2021.1\lib\win64.o\librdi_dlyest.dll
0x00007ffa0ae80000 - 0x00007ffa0cc9c000 	C:\Xilinx\Vivado\2021.1\lib\win64.o\librdi_designutils.dll
0x00007ffa0d3c0000 - 0x00007ffa0f8c9000 	C:\Xilinx\Vivado\2021.1\lib\win64.o\librdi_coregen.dll
0x00007ffa3e530000 - 0x00007ffa3e5e5000 	C:\Xilinx\Vivado\2021.1\lib\win64.o\librdi_dsp.dll
0x00007ff9ee6c0000 - 0x00007ff9eed45000 	C:\Xilinx\Vivado\2021.1\lib\win64.o\librdi_drc.dll
0x00007ff9edd10000 - 0x00007ff9ee037000 	C:\Xilinx\Vivado\2021.1\lib\win64.o\librdi_guitools.dll
0x00007ff9ee040000 - 0x00007ff9ee6bb000 	C:\Xilinx\Vivado\2021.1\lib\win64.o\librdi_filemgmt.dll
0x00007ffa1bce0000 - 0x00007ffa1bd49000 	C:\Xilinx\Vivado\2021.1\lib\win64.o\librdi_hdf.dll
0x00007ffa162e0000 - 0x00007ffa16567000 	C:\Xilinx\Vivado\2021.1\lib\win64.o\librdi_hip_devdesign.dll
0x00007ff9edbc0000 - 0x00007ff9edd07000 	C:\Xilinx\Vivado\2021.1\lib\win64.o\librdi_hip_perf_analysis.dll
0x00007ff9ec420000 - 0x00007ff9ec52b000 	C:\Xilinx\Vivado\2021.1\lib\win64.o\librdi_ipconfig_readwrite.dll
0x00007ff9eb9d0000 - 0x00007ff9ec01e000 	C:\Xilinx\Vivado\2021.1\lib\win64.o\librdi_memdata.dll
0x00007ff9ec530000 - 0x00007ff9edbba000 	C:\Xilinx\Vivado\2021.1\lib\win64.o\librdi_implflow.dll
0x00007ffa182f0000 - 0x00007ffa18363000 	C:\Xilinx\Vivado\2021.1\lib\win64.o\librdi_memoryarray.dll
0x00007ff9e7bb0000 - 0x00007ff9ea0ab000 	C:\Xilinx\Vivado\2021.1\lib\win64.o\librdi_mig.dll
0x00007ffa1b4b0000 - 0x00007ffa1b520000 	C:\Xilinx\Vivado\2021.1\lib\win64.o\librdi_noc_frameworks.dll
0x00007ff9eb290000 - 0x00007ff9eb9c8000 	C:\Xilinx\Vivado\2021.1\lib\win64.o\librdi_netlist.dll
0x00007ffa2c650000 - 0x00007ffa2c6a6000 	C:\Xilinx\Vivado\2021.1\lib\win64.o\librdi_pfi.dll
0x00007ff9ef0c0000 - 0x00007ffa0ae80000 	C:\Xilinx\Vivado\2021.1\lib\win64.o\librdi_device.dll
0x00007ff9eaed0000 - 0x00007ff9eb281000 	C:\Xilinx\Vivado\2021.1\lib\win64.o\librdi_platform.dll
0x00007ff9e4940000 - 0x00007ff9e7ba5000 	C:\Xilinx\Vivado\2021.1\lib\win64.o\librdi_place.dll
0x00007ff9ea630000 - 0x00007ff9eaecc000 	C:\Xilinx\Vivado\2021.1\lib\win64.o\librdi_power.dll
0x00007ff9e3b40000 - 0x00007ff9e4269000 	C:\Xilinx\Vivado\2021.1\lib\win64.o\librdi_psta.dll
0x00007ff9e4270000 - 0x00007ff9e4940000 	C:\Xilinx\Vivado\2021.1\lib\win64.o\librdi_project.dll
0x00007ff9e32a0000 - 0x00007ff9e3b35000 	C:\Xilinx\Vivado\2021.1\lib\win64.o\librdi_rsb.dll
0x00007ff9e2d60000 - 0x00007ff9e3291000 	C:\Xilinx\Vivado\2021.1\lib\win64.o\librdi_runs.dll
0x00007ff9ec300000 - 0x00007ff9ec415000 	C:\Xilinx\Vivado\2021.1\lib\win64.o\librdi_runsbase.dll
0x00007ff9e2ae0000 - 0x00007ff9e2d58000 	C:\Xilinx\Vivado\2021.1\lib\win64.o\librdi_simdata.dll
0x00007ff9ea580000 - 0x00007ff9ea627000 	C:\Xilinx\Vivado\2021.1\lib\win64.o\librdi_xhubtasks.dll
0x00007ff9e1910000 - 0x00007ff9e1a24000 	C:\Xilinx\Vivado\2021.1\lib\win64.o\librdi_xhub.dll
0x00007ff9e1a30000 - 0x00007ff9e2adc000 	C:\Xilinx\Vivado\2021.1\lib\win64.o\librdi_timing.dll
0x00007ff9e1720000 - 0x00007ff9e1905000 	C:\Xilinx\Vivado\2021.1\lib\win64.o\librdi_advchipscopeimpl.dll
0x00007ff9e0bf0000 - 0x00007ff9e1716000 	C:\Xilinx\Vivado\2021.1\lib\win64.o\librdi_cdoutil.dll
0x00007ffa43210000 - 0x00007ffa43254000 	C:\Xilinx\Vivado\2021.1\lib\win64.o\libboost_serialization.dll
0x00007ff9e08b0000 - 0x00007ff9e0be3000 	C:\Xilinx\Vivado\2021.1\lib\win64.o\librdi_hip_config.dll
0x00007ff9e0360000 - 0x00007ff9e08a2000 	C:\Xilinx\Vivado\2021.1\lib\win64.o\librdi_xdm.dll
0x00007ffa18220000 - 0x00007ffa1826a000 	C:\Xilinx\Vivado\2021.1\lib\win64.o\libboost_graph.dll
0x00007ff9df630000 - 0x00007ff9df76f000 	C:\Xilinx\Vivado\2021.1\lib\win64.o\librdi_bda.dll
0x00007ff9df770000 - 0x00007ff9df7fd000 	C:\Xilinx\Vivado\2021.1\lib\win64.o\treelite_runtime.dll
0x00007ff9df800000 - 0x00007ff9e0356000 	C:\Xilinx\Vivado\2021.1\lib\win64.o\libverific.dll

dbghelp: loaded successfully - version: 4.0.5 - missing functions: none
symbol engine: initialized successfully - sym options: 0x614 - pdb path: .;C:\Xilinx\Vivado\2021.1\bin\unwrapped\win64.o;C:\Windows\SYSTEM32;C:\Xilinx\Vivado\2021.1\lib\win64.o;C:\Windows\WinSxS\amd64_microsoft.windows.common-controls_6595b64144ccf1df_5.82.19041.1110_none_792d1c772443f647;C:\Xilinx\Vivado\2021.1\tps\win64\jre11.0.2\bin\server;C:\Xilinx\Vivado\2021.1\tps\win64\python-3.8.3;C:\Xilinx\Vivado\2021.1\tps\win64\jre11.0.2\bin;C:\Windows\WinSxS\amd64_microsoft.windows.common-controls_6595b64144ccf1df_6.0.19041.1110_none_60b5254171f9507e

VM Arguments:
jvm_args: -Dsun.java2d.pmoffscreen=false -Dhttps.protocols=TLSv1,TLSv1.1,TLSv1.2 -Dsun.java2d.xrender=false -Dsun.java2d.d3d=false -Dsun.awt.nopixfmt=true -Dsun.java2d.dpiaware=true -Dsun.java2d.uiScale.enabled=false -Xverify:none -Dswing.aatext=true -XX:-UsePerfData -Djdk.map.althashing.threshold=512 -XX:StringTableSize=4072 --add-opens=java.base/java.nio=ALL-UNNAMED --add-opens=java.desktop/sun.swing=ALL-UNNAMED --add-opens=java.desktop/javax.swing=ALL-UNNAMED --add-opens=java.desktop/javax.swing.tree=ALL-UNNAMED --add-opens=java.desktop/javax.swing.plaf.basic=ALL-UNNAMED --add-opens=java.desktop/javax.swing.plaf.synth=ALL-UNNAMED --add-opens=java.desktop/com.sun.awt=ALL-UNNAMED -XX:NewSize=60m -XX:MaxNewSize=60m -Xms256m -Xmx3072m -Xss5m 
java_command: <unknown>
java_class_path (initial): C:/Xilinx/Vivado/2021.1\lib\classes\alloy.jar;C:/Xilinx/Vivado/2021.1\lib\classes\autoesl-models.jar;C:/Xilinx/Vivado/2021.1\lib\classes\autopilot.scelaborator.jar;C:/Xilinx/Vivado/2021.1\lib\classes\autopilot.sourceprocessor.jar;C:/Xilinx/Vivado/2021.1\lib\classes\autopilot.tbprocessor.jar;C:/Xilinx/Vivado/2021.1\lib\classes\batik-anim.jar;C:/Xilinx/Vivado/2021.1\lib\classes\batik-awt-util.jar;C:/Xilinx/Vivado/2021.1\lib\classes\batik-bridge.jar;C:/Xilinx/Vivado/2021.1\lib\classes\batik-codec.jar;C:/Xilinx/Vivado/2021.1\lib\classes\batik-css.jar;C:/Xilinx/Vivado/2021.1\lib\classes\batik-dom.jar;C:/Xilinx/Vivado/2021.1\lib\classes\batik-ext.jar;C:/Xilinx/Vivado/2021.1\lib\classes\batik-gui-util.jar;C:/Xilinx/Vivado/2021.1\lib\classes\batik-gvt.jar;C:/Xilinx/Vivado/2021.1\lib\classes\batik-parser.jar;C:/Xilinx/Vivado/2021.1\lib\classes\batik-script.jar;C:/Xilinx/Vivado/2021.1\lib\classes\batik-svg-dom.jar;C:/Xilinx/Vivado/2021.1\lib\classes\batik-svggen.jar;C:/Xilinx/Vivado/2021.1\lib\classes\batik-swing.jar;C:/Xilinx/Vivado/2021.1\lib\classes\batik-transcoder.jar;C:/Xilinx/Vivado/2021.1\lib\classes\batik-util.jar;C:/Xilinx/Vivado/2021.1\lib\classes\batik-xml.jar;C:/Xilinx/Vivado/2021.1\lib\classes\com.google.gson_2.8.2.v20180104-1110.jar;C:/Xilinx/Vivado/2021.1\lib\classes\com.google.guava_27.1.0.v20190517-1946.jar;C:/Xilinx/Vivado/2021.1\lib\classes\com.ibm.icu_4.4.2.v20110208.jar;C:/Xilinx/Vivado/2021.1\lib\classes\com.sigasi.hdt.connection_4.11.0.202105170810.jar;C:/Xilinx/Vivado/2021.1\lib\classes\com.sigasi.hdt.epl_4.11.0.202105170810.jar;C:/Xilinx/Vivado/2021.1\lib\classes\com.sigasi.hdt.project_4.11.0.202105170810.jar;C:/Xilinx/Vivado/2021.1\lib\classes\com.sigasi.hdt.readonlyfilesystem_4.11.0.202105170810.jar;C:/Xilinx/Vivado/2021.1\lib\classes\com.sigasi.hdt.shared_4.11.0.202105170810.jar;C:/Xilinx/Vivado/2021.1\lib\classes\com.sigasi.lcm_4.11.0.202105170810.jar;C:/Xilinx/Vivado/2021.1\lib\classes\com.sigasi.sdk.client_4.11.0.20
Launcher Type: generic

[Global flags]
     bool BytecodeVerificationLocal                = false                                     {product} {command line}
     bool BytecodeVerificationRemote               = false                                     {product} {command line}
     intx CICompilerCount                          = 3                                         {product} {ergonomic}
     uint ConcGCThreads                            = 1                                         {product} {ergonomic}
     uint G1ConcRefinementThreads                  = 4                                         {product} {ergonomic}
   size_t G1HeapRegionSize                         = 1048576                                   {product} {ergonomic}
    uintx GCDrainStackTargetSize                   = 64                                        {product} {ergonomic}
   size_t InitialHeapSize                          = 268435456                                 {product} {command line}
   size_t MarkStackSize                            = 4194304                                   {product} {ergonomic}
   size_t MaxHeapSize                              = 3221225472                                {product} {command line}
   size_t MaxNewSize                               = 62914560                                  {product} {command line}
   size_t MinHeapDeltaBytes                        = 1048576                                   {product} {ergonomic}
   size_t NewSize                                  = 62914560                                  {product} {command line}
    uintx NonNMethodCodeHeapSize                   = 5830092                                {pd product} {ergonomic}
    uintx NonProfiledCodeHeapSize                  = 122914074                              {pd product} {ergonomic}
    uintx ProfiledCodeHeapSize                     = 122914074                              {pd product} {ergonomic}
    uintx ReservedCodeCacheSize                    = 251658240                              {pd product} {ergonomic}
     bool SegmentedCodeCache                       = true                                      {product} {ergonomic}
    uintx StringTableSize                          = 4072                                      {product} {command line}
     intx ThreadStackSize                          = 5120                                   {pd product} {command line}
     bool UseCompressedClassPointers               = true                                 {lp64_product} {ergonomic}
     bool UseCompressedOops                        = true                                 {lp64_product} {ergonomic}
     bool UseG1GC                                  = true                                      {product} {ergonomic}
     bool UseLargePagesIndividualAllocation        = false                                  {pd product} {ergonomic}
     bool UsePerfData                              = false                                     {product} {command line}

Logging:
Log output configuration:
 #0: stdout all=warning uptime,level,tags
 #1: stderr all=off uptime,level,tags

Environment Variables:
PATH=C:/Xilinx/Vivado/2021.1/bin;C:/Xilinx/Vivado/2021.1/tps/win64/javafx-sdk-11.0.2/lib;C:/Xilinx/Vivado/2021.1/tps/win64/javafx-sdk-11.0.2/bin;C:/Xilinx/Vivado/2021.1/lib/win64.o;C:/Xilinx/Vivado/2021.1/tps/win64/jre11.0.2/bin/server;C:/Xilinx/Vivado/2021.1/tps/win64/jre11.0.2/bin;C:/Xilinx/Vivado/2021.1/ids_lite/ISE/bin/nt64;C:/Xilinx/Vivado/2021.1/ids_lite/ISE/lib/nt64;C:/Xilinx/Vitis_HLS/2021.1/bin;C:\Windows\system32;C:\Windows;C:\Windows\System32\Wbem;C:\Windows\System32\WindowsPowerShell\v1.0\;C:\Windows\System32\OpenSSH\;C:\Program Files (x86)\NVIDIA Corporation\PhysX\Common;C:\Program Files\NVIDIA Corporation\NVIDIA NvDLISR;C:\Program Files\Git\cmd;C:\Program Files\nodejs\;C:\Users\ulloa\AppData\Local\Microsoft\WindowsApps;;C:\Users\ulloa\AppData\Local\Programs\Microsoft VS Code\bin;C:\Users\ulloa\AppData\Roaming\npm;C:/Xilinx/Vivado/2021.1\tps\mingw\6.2.0\win64.o\nt\bin;C:/Xilinx/Vivado/2021.1\tps\mingw\6.2.0\win64.o\nt\libexec\gcc\x86_64-w64-mingw32\6.2.0;C:/Xilinx/Vivado/2021.1\tps\win64\python-3.8.3;C:/Xilinx/Vivado/2021.1\tps\win64\python-3.8.3\bin;C:/Xilinx/Vivado/2021.1\tps\win64\python-3.8.3\lib;C:/Xilinx/Vivado/2021.1\tps\win64\python-3.8.3\lib\site-packages
USERNAME=ulloa
OS=Windows_NT
PROCESSOR_IDENTIFIER=Intel64 Family 6 Model 60 Stepping 3, GenuineIntel



---------------  S Y S T E M  ---------------

OS: Windows 10 , 64 bit Build 19041 (10.0.19041.1202)

CPU:total 4 (initial active 4) (4 cores per cpu, 1 threads per core) family 6 model 60 stepping 3, cmov, cx8, fxsr, mmx, sse, sse2, sse3, ssse3, sse4.1, sse4.2, popcnt, avx, avx2, aes, clmul, erms, lzcnt, tsc, tscinvbit, bmi1, bmi2, fma

Memory: 4k page, system-wide physical 6065M (1207M free)
TotalPageFile size 10673M (AvailPageFile size 3383M)
current process WorkingSet (physical memory assigned to process): 920M, peak: 1151M
current process commit charge ("private bytes"): 976M, peak: 1135M

vm_info: OpenJDK 64-Bit Server VM (11.0.2+9) for windows-amd64 JRE (11.0.2+9), built on Jan 18 2019 05:23:22 by "mach5one" with MS VC++ 15.5 (VS2017)

END.
